{"logTime": "1008/104655", "correlationVector":"UgH7LT9BfvOvPaKBa5u2ww","action":"Commit Request", "result":"", "context":Item count: 1
Contributing types: Sessions}
{"logTime": "1008/104656", "correlationVector":"UgH7LT9BfvOvPaKBa5u2ww.1","action":"SyncServerConnectionManagerRequest", "result":"SYNC_SERVER_OK", "context":{"environment":"Prod_NorthCentralUS_000g", "migrationStage":"NotStarted", "server":"GENERAL0100000V"}}
{"logTime": "1008/104656", "correlationVector":"UgH7LT9BfvOvPaKBa5u2ww.2","action":"Commit Response", "result":"SYNCER_OK", "context":Result: SYNCER_OK. cV=UgH7LT9BfvOvPaKBa5u2ww.0;server=GENERAL0100000V;cloudType=Consumer;environment=Prod_NorthCentralUS_000g;migrationStage=NotStarted}
{"logTime": "1008/105251", "correlationVector":"y0MbbGS8iDzdvNf5inCjcf","action":"Commit Request", "result":"", "context":Item count: 1
Contributing types: Sessions}
{"logTime": "1008/105252", "correlationVector":"y0MbbGS8iDzdvNf5inCjcf.1","action":"SyncServerConnectionManagerRequest", "result":"SYNC_SERVER_OK", "context":{"environment":"Prod_NorthCentralUS_000g", "migrationStage":"NotStarted", "server":"GENERAL0100002A"}}
{"logTime": "1008/105252", "correlationVector":"y0MbbGS8iDzdvNf5inCjcf.2","action":"Commit Response", "result":"SYNCER_OK", "context":Result: SYNCER_OK. cV=y0MbbGS8iDzdvNf5inCjcf.0;server=GENERAL0100002A;cloudType=Consumer;environment=Prod_NorthCentralUS_000g;migrationStage=NotStarted}
{"logTime": "1008/105505", "correlationVector":"bWcagaryb2iLN+3fxW1wk4","action":"Commit Request", "result":"", "context":Item count: 1
Contributing types: Sessions}
{"logTime": "1008/105506", "correlationVector":"bWcagaryb2iLN+3fxW1wk4.1","action":"SyncServerConnectionManagerRequest", "result":"SYNC_SERVER_OK", "context":{"environment":"Prod_NorthCentralUS_000g", "migrationStage":"NotStarted", "server":"GENERAL0100000Q"}}
{"logTime": "1008/105506", "correlationVector":"bWcagaryb2iLN+3fxW1wk4.2","action":"Commit Response", "result":"SYNCER_OK", "context":Result: SYNCER_OK. cV=bWcagaryb2iLN+3fxW1wk4.0;server=GENERAL0100000Q;cloudType=Consumer;environment=Prod_NorthCentralUS_000g;migrationStage=NotStarted}
{"logTime": "1008/105537", "correlationVector":"raGPowgppIxM0esEAM65HU","action":"Commit Request", "result":"", "context":Item count: 1
Contributing types: Sessions}
{"logTime": "1008/105537", "correlationVector":"raGPowgppIxM0esEAM65HU.1","action":"SyncServerConnectionManagerRequest", "result":"SYNC_SERVER_OK", "context":{"environment":"Prod_NorthCentralUS_000g", "migrationStage":"NotStarted", "server":"GENERAL0100001B"}}
{"logTime": "1008/105537", "correlationVector":"raGPowgppIxM0esEAM65HU.2","action":"Commit Response", "result":"SYNCER_OK", "context":Result: SYNCER_OK. cV=raGPowgppIxM0esEAM65HU.0;server=GENERAL0100001B;cloudType=Consumer;environment=Prod_NorthCentralUS_000g;migrationStage=NotStarted}
{"logTime": "1008/105607", "correlationVector":"Lc5PCurALM9VJ7hXSk8xuG","action":"Commit Request", "result":"", "context":Item count: 1
Contributing types: Sessions}
{"logTime": "1008/105607", "correlationVector":"Lc5PCurALM9VJ7hXSk8xuG.1","action":"SyncServerConnectionManagerRequest", "result":"SYNC_SERVER_OK", "context":{"environment":"Prod_NorthCentralUS_000g", "migrationStage":"NotStarted", "server":"GENERAL01000001"}}
{"logTime": "1008/105607", "correlationVector":"Lc5PCurALM9VJ7hXSk8xuG.2","action":"Commit Response", "result":"SYNCER_OK", "context":Result: SYNCER_OK. cV=Lc5PCurALM9VJ7hXSk8xuG.0;server=GENERAL01000001;cloudType=Consumer;environment=Prod_NorthCentralUS_000g;migrationStage=NotStarted}
{"logTime": "1008/110319", "correlationVector":"6lFTYAndJhGIfB9A4I9JNm","action":"Commit Request", "result":"", "context":Item count: 1
Contributing types: Sessions}
{"logTime": "1008/110319", "correlationVector":"6lFTYAndJhGIfB9A4I9JNm.1","action":"SyncServerConnectionManagerRequest", "result":"SYNC_SERVER_OK", "context":{"environment":"Prod_NorthCentralUS_000g", "migrationStage":"NotStarted", "server":"GENERAL01000024"}}
{"logTime": "1008/110319", "correlationVector":"6lFTYAndJhGIfB9A4I9JNm.2","action":"Commit Response", "result":"SYNCER_OK", "context":Result: SYNCER_OK. cV=6lFTYAndJhGIfB9A4I9JNm.0;server=GENERAL01000024;cloudType=Consumer;environment=Prod_NorthCentralUS_000g;migrationStage=NotStarted}
{"logTime": "1008/110400", "correlationVector":"f20ddk3wT/QuAJd+c8+ElW","action":"Commit Request", "result":"", "context":Item count: 1
Contributing types: Sessions}
{"logTime": "1008/110400", "correlationVector":"f20ddk3wT/QuAJd+c8+ElW.1","action":"SyncServerConnectionManagerRequest", "result":"SYNC_SERVER_OK", "context":{"environment":"Prod_NorthCentralUS_000g", "migrationStage":"NotStarted", "server":"GENERAL01000024"}}
{"logTime": "1008/110400", "correlationVector":"f20ddk3wT/QuAJd+c8+ElW.2","action":"Commit Response", "result":"SYNCER_OK", "context":Result: SYNCER_OK. cV=f20ddk3wT/QuAJd+c8+ElW.0;server=GENERAL01000024;cloudType=Consumer;environment=Prod_NorthCentralUS_000g;migrationStage=NotStarted}
{"logTime": "1008/110437", "correlationVector":"2Bcj57cROpgwpq8v1fiaCM","action":"Commit Request", "result":"", "context":Item count: 1
Contributing types: Sessions}
{"logTime": "1008/110437", "correlationVector":"2Bcj57cROpgwpq8v1fiaCM.1","action":"SyncServerConnectionManagerRequest", "result":"SYNC_SERVER_OK", "context":{"environment":"Prod_NorthCentralUS_000g", "migrationStage":"NotStarted", "server":"GENERAL0100002J"}}
{"logTime": "1008/110437", "correlationVector":"2Bcj57cROpgwpq8v1fiaCM.2","action":"Commit Response", "result":"SYNCER_OK", "context":Result: SYNCER_OK. cV=2Bcj57cROpgwpq8v1fiaCM.0;server=GENERAL0100002J;cloudType=Consumer;environment=Prod_NorthCentralUS_000g;migrationStage=NotStarted}
{"logTime": "1008/110543", "correlationVector":"luTCi0m1/GJHVhqWS1NPoJ","action":"Commit Request", "result":"", "context":Item count: 1
Contributing types: Sessions}
{"logTime": "1008/110543", "correlationVector":"luTCi0m1/GJHVhqWS1NPoJ.1","action":"SyncServerConnectionManagerRequest", "result":"SYNC_SERVER_OK", "context":{"environment":"Prod_NorthCentralUS_000g", "migrationStage":"NotStarted", "server":"GENERAL0100002C"}}
{"logTime": "1008/110543", "correlationVector":"luTCi0m1/GJHVhqWS1NPoJ.2","action":"Commit Response", "result":"SYNCER_OK", "context":Result: SYNCER_OK. cV=luTCi0m1/GJHVhqWS1NPoJ.0;server=GENERAL0100002C;cloudType=Consumer;environment=Prod_NorthCentralUS_000g;migrationStage=NotStarted}
{"logTime": "1008/110807", "correlationVector":"CrICR+zCUiqkDuidofJDE1","action":"Commit Request", "result":"", "context":Item count: 1
Contributing types: Sessions}
{"logTime": "1008/110807", "correlationVector":"CrICR+zCUiqkDuidofJDE1.1","action":"SyncServerConnectionManagerRequest", "result":"SYNC_SERVER_OK", "context":{"environment":"Prod_NorthCentralUS_000g", "migrationStage":"NotStarted", "server":"GENERAL0100002T"}}
{"logTime": "1008/110807", "correlationVector":"CrICR+zCUiqkDuidofJDE1.2","action":"Commit Response", "result":"SYNCER_OK", "context":Result: SYNCER_OK. cV=CrICR+zCUiqkDuidofJDE1.0;server=GENERAL0100002T;cloudType=Consumer;environment=Prod_NorthCentralUS_000g;migrationStage=NotStarted}
{"logTime": "1009/042015", "correlationVector":"ylLKUjTY5M7xP+EEHdRTqo.0","action":"FeedSettingFetch_homeCloud", "result":"0", "context":{}}
{"logTime": "1009/042015", "correlationVector":"DM2RdDU/zmW+UYDZH74jrH.1","action":"SyncServerConnectionManagerRequest", "result":"SYNC_SERVER_OK", "context":{"environment":"Prod_NorthCentralUS_000g", "migrationStage":"NotStarted", "server":"GENERAL0100002R"}}
{"logTime": "1009/042015", "correlationVector":"DM2RdDU/zmW+UYDZH74jrH","action":"Initial GetUpdates", "result":"", "context":Reason: NEW_CLIENT. cV=DM2RdDU/zmW+UYDZH74jrH}
{"logTime": "1009/042015", "correlationVector":"DM2RdDU/zmW+UYDZH74jrH.2","action":"GetUpdates Response", "result":"SYNCER_OK", "context":Received 1 update(s). cV=DM2RdDU/zmW+UYDZH74jrH.0;server=GENERAL0100002R;cloudType=Consumer;environment=Prod_NorthCentralUS_000g;migrationStage=NotStarted}
{"logTime": "1009/042015", "correlationVector":"6tpTziX6hyThokoNm5F201","action":"SyncServerConnectionManagerRequest", "result":"SYNC_SERVER_OK", "context":{"environment":"", "migrationStage":"", "server":""}}
{"logTime": "1009/042015", "correlationVector":"0dzbvC0r+liTBY583YMoz9","action":"Initial GetUpdates", "result":"", "context":Reason: NEWLY_SUPPORTED_DATATYPE. cV=0dzbvC0r+liTBY583YMoz9}
{"logTime": "1009/042015", "correlationVector":"0dzbvC0r+liTBY583YMoz9.1","action":"SyncServerConnectionManagerRequest", "result":"SYNC_SERVER_OK", "context":{"environment":"Prod_NorthCentralUS_000g", "migrationStage":"NotStarted", "server":"general0100002W"}}
{"logTime": "1009/042015", "correlationVector":"0dzbvC0r+liTBY583YMoz9.2","action":"GetUpdates", "result":"DeleteReceived", "context":{"id":"14cf4737-86be-45b7-8725-c485f6d3a2b4", "isDeleted:":"true", "version":"1693355846420"}}
{"logTime": "1009/042015", "correlationVector":"0dzbvC0r+liTBY583YMoz9.3","action":"GetUpdates", "result":"DeleteReceived", "context":{"id":"db9a34e2-7843-4b83-9b61-59564b7577e8", "isDeleted:":"true", "version":"1693355846421"}}
{"logTime": "1009/042015", "correlationVector":"0dzbvC0r+liTBY583YMoz9.4","action":"GetUpdates", "result":"DeleteReceived", "context":{"id":"af5f6382-f0c6-4366-962d-16d2cf6b14d6", "isDeleted:":"true", "version":"1693355846422"}}
{"logTime": "1009/042015", "correlationVector":"0dzbvC0r+liTBY583YMoz9.5","action":"GetUpdates", "result":"DeleteReceived", "context":{"id":"7e6ee803-7f5d-4e0d-a85e-458826e6678d", "isDeleted:":"true", "version":"1693355846423"}}
{"logTime": "1009/042015", "correlationVector":"0dzbvC0r+liTBY583YMoz9.6","action":"GetUpdates", "result":"DeleteReceived", "context":{"id":"ed11c0fa-217a-4e70-b664-a2189381143e", "isDeleted:":"true", "version":"1693355846424"}}
{"logTime": "1009/042015", "correlationVector":"0dzbvC0r+liTBY583YMoz9.7","action":"GetUpdates", "result":"DeleteReceived", "context":{"id":"434d1120-009b-465d-8f3b-3d54f16c9c81", "isDeleted:":"true", "version":"1693355846425"}}
{"logTime": "1009/042015", "correlationVector":"0dzbvC0r+liTBY583YMoz9.8","action":"GetUpdates", "result":"DeleteReceived", "context":{"id":"2903142b-3290-42fd-ba5e-924b7d4aea9d", "isDeleted:":"true", "version":"1693355846426"}}
{"logTime": "1009/042015", "correlationVector":"0dzbvC0r+liTBY583YMoz9.9","action":"GetUpdates", "result":"DeleteReceived", "context":{"id":"a7a3c130-98c7-4a6e-a196-924e929ce4b8", "isDeleted:":"true", "version":"1693355846427"}}
{"logTime": "1009/042015", "correlationVector":"0dzbvC0r+liTBY583YMoz9.10","action":"GetUpdates", "result":"DeleteReceived", "context":{"id":"b80a931d-39c1-47f9-9cfb-8d3f1525df0e", "isDeleted:":"true", "version":"1693355846428"}}
{"logTime": "1009/042015", "correlationVector":"0dzbvC0r+liTBY583YMoz9.11","action":"GetUpdates", "result":"DeleteReceived", "context":{"id":"479e9792-8f86-4a76-b815-512831de35a6", "isDeleted:":"true", "version":"1693355846429"}}
{"logTime": "1009/042015", "correlationVector":"0dzbvC0r+liTBY583YMoz9.12","action":"GetUpdates", "result":"DeleteReceived", "context":{"id":"7bee91d5-2202-4def-91a6-27be7da3a3f4", "isDeleted:":"true", "version":"1693355846430"}}
{"logTime": "1009/042015", "correlationVector":"0dzbvC0r+liTBY583YMoz9.13","action":"GetUpdates", "result":"DeleteReceived", "context":{"id":"72b96d0e-97ce-41fe-aa51-5fd649e20b90", "isDeleted:":"true", "version":"1693355846431"}}
{"logTime": "1009/042015", "correlationVector":"0dzbvC0r+liTBY583YMoz9.14","action":"GetUpdates", "result":"DeleteReceived", "context":{"id":"1ca1e9e0-3151-4ded-8989-015ad66c2406", "isDeleted:":"true", "version":"1693355846432"}}
{"logTime": "1009/042015", "correlationVector":"0dzbvC0r+liTBY583YMoz9.15","action":"GetUpdates", "result":"DeleteReceived", "context":{"id":"1a11ba6b-82cd-4ba0-8b58-2cf3407fde16", "isDeleted:":"true", "version":"1693355846433"}}
{"logTime": "1009/042015", "correlationVector":"0dzbvC0r+liTBY583YMoz9.16","action":"GetUpdates", "result":"DeleteReceived", "context":{"id":"7570d9de-21b5-494d-8797-a597c56b9d4e", "isDeleted:":"true", "version":"1693355846434"}}
{"logTime": "1009/042015", "correlationVector":"0dzbvC0r+liTBY583YMoz9.17","action":"GetUpdates", "result":"DeleteReceived", "context":{"id":"27dfa85a-a894-4326-a067-5c83fcac3b1b", "isDeleted:":"true", "version":"1693355846435"}}
{"logTime": "1009/042015", "correlationVector":"0dzbvC0r+liTBY583YMoz9.18","action":"GetUpdates", "result":"DeleteReceived", "context":{"id":"3d785847-775f-4358-af96-0f691e49c83b", "isDeleted:":"true", "version":"1693355846436"}}
{"logTime": "1009/042015", "correlationVector":"0dzbvC0r+liTBY583YMoz9.19","action":"GetUpdates", "result":"DeleteReceived", "context":{"id":"9f31c0a8-280e-4e2f-9549-ee8fd4816bfc", "isDeleted:":"true", "version":"1693355846437"}}
{"logTime": "1009/042015", "correlationVector":"0dzbvC0r+liTBY583YMoz9.20","action":"GetUpdates", "result":"DeleteReceived", "context":{"id":"3a07ae30-03cf-422f-9ce0-df681557447f", "isDeleted:":"true", "version":"1693355846438"}}
{"logTime": "1009/042015", "correlationVector":"0dzbvC0r+liTBY583YMoz9.21","action":"GetUpdates", "result":"DeleteReceived", "context":{"id":"4acae8ff-89b6-4d19-a449-67fed5b031dc", "isDeleted:":"true", "version":"1693355846439"}}
{"logTime": "1009/042015", "correlationVector":"0dzbvC0r+liTBY583YMoz9.22","action":"GetUpdates", "result":"DeleteReceived", "context":{"id":"79618305-0bf5-4ca8-a4cc-da7c8a842b88", "isDeleted:":"true", "version":"1693355848534"}}
{"logTime": "1009/042015", "correlationVector":"0dzbvC0r+liTBY583YMoz9.23","action":"GetUpdates", "result":"DeleteReceived", "context":{"id":"393c28d8-149b-4c49-8a88-8ad2d706d31a", "isDeleted:":"true", "version":"1693355848535"}}
{"logTime": "1009/042015", "correlationVector":"0dzbvC0r+liTBY583YMoz9.24","action":"GetUpdates", "result":"DeleteReceived", "context":{"id":"db54273b-77ae-43a2-a196-2aa9d66baef2", "isDeleted:":"true", "version":"1693355848536"}}
{"logTime": "1009/042015", "correlationVector":"0dzbvC0r+liTBY583YMoz9.25","action":"GetUpdates", "result":"DeleteReceived", "context":{"id":"f98b9903-a400-4e71-94cd-3b2cad4fff22", "isDeleted:":"true", "version":"1693355848537"}}
{"logTime": "1009/042015", "correlationVector":"0dzbvC0r+liTBY583YMoz9.26","action":"GetUpdates", "result":"DeleteReceived", "context":{"id":"b204a452-c85d-4e39-91c1-396846c7149d", "isDeleted:":"true", "version":"1693355848538"}}
{"logTime": "1009/042015", "correlationVector":"0dzbvC0r+liTBY583YMoz9.27","action":"GetUpdates", "result":"DeleteReceived", "context":{"id":"e59f8af5-ed1b-42c9-b32d-e5caa6921d23", "isDeleted:":"true", "version":"1693355848539"}}
{"logTime": "1009/042015", "correlationVector":"0dzbvC0r+liTBY583YMoz9.28","action":"GetUpdates", "result":"DeleteReceived", "context":{"id":"1e652c50-8c1e-47f7-892b-3ff5365801a6", "isDeleted:":"true", "version":"1693355848540"}}
{"logTime": "1009/042015", "correlationVector":"0dzbvC0r+liTBY583YMoz9.29","action":"GetUpdates", "result":"DeleteReceived", "context":{"id":"2c263dcf-8a4f-4aaa-bf23-16d7de48cb13", "isDeleted:":"true", "version":"1693355848541"}}
{"logTime": "1009/042015", "correlationVector":"0dzbvC0r+liTBY583YMoz9.30","action":"GetUpdates", "result":"DeleteReceived", "context":{"id":"60bf55f0-2659-466f-8327-938309957437", "isDeleted:":"true", "version":"1693355848542"}}
{"logTime": "1009/042015", "correlationVector":"0dzbvC0r+liTBY583YMoz9.31","action":"GetUpdates", "result":"DeleteReceived", "context":{"id":"c2b4cf06-6545-42b0-8041-13eeeac39ef6", "isDeleted:":"true", "version":"1693355848543"}}
{"logTime": "1009/042015", "correlationVector":"0dzbvC0r+liTBY583YMoz9.32","action":"GetUpdates", "result":"DeleteReceived", "context":{"id":"b572320f-4713-4856-8e1e-4f5eb5ee86f3", "isDeleted:":"true", "version":"1693355848544"}}
{"logTime": "1009/042015", "correlationVector":"0dzbvC0r+liTBY583YMoz9.33","action":"GetUpdates", "result":"DeleteReceived", "context":{"id":"689609bd-8a26-4931-9180-a0adf37aeb1a", "isDeleted:":"true", "version":"1693355848545"}}
{"logTime": "1009/042015", "correlationVector":"0dzbvC0r+liTBY583YMoz9.34","action":"GetUpdates", "result":"DeleteReceived", "context":{"id":"0c4c45dc-6b46-4931-8547-e0c90403c372", "isDeleted:":"true", "version":"1693355848546"}}
{"logTime": "1009/042015", "correlationVector":"0dzbvC0r+liTBY583YMoz9.35","action":"GetUpdates", "result":"DeleteReceived", "context":{"id":"85df3ab1-f9d0-43eb-8296-294c8fd1880c", "isDeleted:":"true", "version":"1693355848547"}}
{"logTime": "1009/042015", "correlationVector":"0dzbvC0r+liTBY583YMoz9.36","action":"GetUpdates", "result":"DeleteReceived", "context":{"id":"05d16ca5-bd64-4c53-a034-4a05998e8e1a", "isDeleted:":"true", "version":"1693355848548"}}
{"logTime": "1009/042015", "correlationVector":"0dzbvC0r+liTBY583YMoz9.37","action":"GetUpdates", "result":"DeleteReceived", "context":{"id":"0f79bcec-8d04-44f0-87f4-7c8608e15325", "isDeleted:":"true", "version":"1693355848549"}}
{"logTime": "1009/042015", "correlationVector":"0dzbvC0r+liTBY583YMoz9.38","action":"GetUpdates", "result":"DeleteReceived", "context":{"id":"8fe815f9-14a2-4e64-bf36-3737672be96a", "isDeleted:":"true", "version":"1693355848550"}}
{"logTime": "1009/042015", "correlationVector":"0dzbvC0r+liTBY583YMoz9.39","action":"GetUpdates", "result":"DeleteReceived", "context":{"id":"8dac6703-21ec-40b8-9395-9a93f0357016", "isDeleted:":"true", "version":"1693355848551"}}
{"logTime": "1009/042015", "correlationVector":"0dzbvC0r+liTBY583YMoz9.40","action":"GetUpdates", "result":"DeleteReceived", "context":{"id":"53423a58-c4c0-4eef-b28f-8edaf58f20dd", "isDeleted:":"true", "version":"1693355848552"}}
{"logTime": "1009/042015", "correlationVector":"0dzbvC0r+liTBY583YMoz9.41","action":"GetUpdates", "result":"DeleteReceived", "context":{"id":"4fd572fb-43c9-4979-8df5-26e7095c0a16", "isDeleted:":"true", "version":"1693355848553"}}
{"logTime": "1009/042015", "correlationVector":"0dzbvC0r+liTBY583YMoz9.42","action":"GetUpdates", "result":"DeleteReceived", "context":{"id":"44df0c5a-9061-4725-ba8b-978c6eb0af53", "isDeleted:":"true", "version":"1693355849521"}}
{"logTime": "1009/042015", "correlationVector":"0dzbvC0r+liTBY583YMoz9.43","action":"GetUpdates", "result":"DeleteReceived", "context":{"id":"e2f2a555-9512-4ddf-9684-482f49d8b733", "isDeleted:":"true", "version":"1693355849522"}}
{"logTime": "1009/042015", "correlationVector":"0dzbvC0r+liTBY583YMoz9.44","action":"GetUpdates", "result":"DeleteReceived", "context":{"id":"b9bf7497-92b8-4154-838e-15cf794cab9c", "isDeleted:":"true", "version":"1693355849523"}}
{"logTime": "1009/042015", "correlationVector":"0dzbvC0r+liTBY583YMoz9.45","action":"GetUpdates", "result":"DeleteReceived", "context":{"id":"0783c24f-f5c3-4275-86dd-774b4a1b1692", "isDeleted:":"true", "version":"1693355849524"}}
{"logTime": "1009/042015", "correlationVector":"0dzbvC0r+liTBY583YMoz9.46","action":"GetUpdates", "result":"DeleteReceived", "context":{"id":"7640c92a-1e8b-4ac8-a20e-b57d30768775", "isDeleted:":"true", "version":"1693355849525"}}
{"logTime": "1009/042015", "correlationVector":"0dzbvC0r+liTBY583YMoz9.47","action":"GetUpdates", "result":"DeleteReceived", "context":{"id":"6965e610-4995-4e8e-806d-5c9b024492dd", "isDeleted:":"true", "version":"1693355849526"}}
{"logTime": "1009/042015", "correlationVector":"0dzbvC0r+liTBY583YMoz9.48","action":"GetUpdates", "result":"DeleteReceived", "context":{"id":"93257577-4842-4d4c-8551-032f33848111", "isDeleted:":"true", "version":"1693355849527"}}
{"logTime": "1009/042015", "correlationVector":"0dzbvC0r+liTBY583YMoz9.49","action":"GetUpdates", "result":"DeleteReceived", "context":{"id":"1f3957f7-2147-46a0-a43a-2580daa5bd7f", "isDeleted:":"true", "version":"1693355849528"}}
{"logTime": "1009/042015", "correlationVector":"0dzbvC0r+liTBY583YMoz9.50","action":"GetUpdates", "result":"DeleteReceived", "context":{"id":"5c0e60ec-fe4f-4b95-a09d-8d0ab8215652", "isDeleted:":"true", "version":"1693355849529"}}
{"logTime": "1009/042015", "correlationVector":"0dzbvC0r+liTBY583YMoz9.51","action":"GetUpdates", "result":"DeleteReceived", "context":{"id":"0f639905-9a1a-4406-bb73-a63ccc2f616e", "isDeleted:":"true", "version":"1693355849530"}}
{"logTime": "1009/042015", "correlationVector":"0dzbvC0r+liTBY583YMoz9.52","action":"GetUpdates", "result":"DeleteReceived", "context":{"id":"40ed655d-625e-4b70-92bf-201e856997bb", "isDeleted:":"true", "version":"1693355849531"}}
{"logTime": "1009/042015", "correlationVector":"0dzbvC0r+liTBY583YMoz9.53","action":"GetUpdates", "result":"DeleteReceived", "context":{"id":"091c25e0-c439-4e6e-8622-e76d68ad3d4f", "isDeleted:":"true", "version":"1693355849532"}}
{"logTime": "1009/042015", "correlationVector":"0dzbvC0r+liTBY583YMoz9.54","action":"GetUpdates", "result":"DeleteReceived", "context":{"id":"e39e639b-8bd7-4beb-b8c5-3c5c82802e9d", "isDeleted:":"true", "version":"1693355849533"}}
{"logTime": "1009/042015", "correlationVector":"0dzbvC0r+liTBY583YMoz9.55","action":"GetUpdates", "result":"DeleteReceived", "context":{"id":"f7a7d3d0-447b-449f-9a00-b1ab37d8eaf7", "isDeleted:":"true", "version":"1693355849534"}}
{"logTime": "1009/042015", "correlationVector":"0dzbvC0r+liTBY583YMoz9.56","action":"GetUpdates", "result":"DeleteReceived", "context":{"id":"50eb20ab-fd19-4797-b118-766e05f51133", "isDeleted:":"true", "version":"1693355849535"}}
{"logTime": "1009/042015", "correlationVector":"0dzbvC0r+liTBY583YMoz9.57","action":"GetUpdates", "result":"DeleteReceived", "context":{"id":"0a591707-5bb6-4695-877f-c08896ead461", "isDeleted:":"true", "version":"1693355849536"}}
{"logTime": "1009/042015", "correlationVector":"0dzbvC0r+liTBY583YMoz9.58","action":"GetUpdates", "result":"DeleteReceived", "context":{"id":"9878f153-86c0-4b9d-ba03-8ca66d2ec680", "isDeleted:":"true", "version":"1693355849537"}}
{"logTime": "1009/042015", "correlationVector":"0dzbvC0r+liTBY583YMoz9.59","action":"GetUpdates", "result":"DeleteReceived", "context":{"id":"6ae06781-a4fb-4423-a266-1f3511cc458a", "isDeleted:":"true", "version":"1693355849538"}}
{"logTime": "1009/042015", "correlationVector":"0dzbvC0r+liTBY583YMoz9.60","action":"GetUpdates", "result":"DeleteReceived", "context":{"id":"0987074c-733a-49bb-9e89-3e29665d0956", "isDeleted:":"true", "version":"1693355849539"}}
{"logTime": "1009/042015", "correlationVector":"0dzbvC0r+liTBY583YMoz9.61","action":"GetUpdates", "result":"DeleteReceived", "context":{"id":"f54baa9f-5796-4297-acb1-16847e98055b", "isDeleted:":"true", "version":"1693355849540"}}
{"logTime": "1009/042015", "correlationVector":"0dzbvC0r+liTBY583YMoz9.62","action":"GetUpdates", "result":"DeleteReceived", "context":{"id":"db8a3ffd-bda2-493d-ada5-95522ad358e3", "isDeleted:":"true", "version":"1693355852516"}}
{"logTime": "1009/042015", "correlationVector":"0dzbvC0r+liTBY583YMoz9.63","action":"GetUpdates", "result":"DeleteReceived", "context":{"id":"b74810d0-37df-4dd9-b33f-5e473df1004c", "isDeleted:":"true", "version":"1693355852517"}}
{"logTime": "1009/042015", "correlationVector":"0dzbvC0r+liTBY583YMoz9.64","action":"GetUpdates", "result":"DeleteReceived", "context":{"id":"c2ae7322-7944-458a-bd45-1ada7fbfa0f7", "isDeleted:":"true", "version":"1693355852518"}}
{"logTime": "1009/042015", "correlationVector":"0dzbvC0r+liTBY583YMoz9.65","action":"GetUpdates", "result":"DeleteReceived", "context":{"id":"ae1bcaff-c18b-464c-b44e-97406969a58e", "isDeleted:":"true", "version":"1693355852519"}}
{"logTime": "1009/042015", "correlationVector":"0dzbvC0r+liTBY583YMoz9.66","action":"GetUpdates", "result":"DeleteReceived", "context":{"id":"83efa944-3f0a-46b7-9f9c-aa25f879c2b0", "isDeleted:":"true", "version":"1693355852520"}}
{"logTime": "1009/042015", "correlationVector":"0dzbvC0r+liTBY583YMoz9.67","action":"GetUpdates", "result":"DeleteReceived", "context":{"id":"d6a79510-143c-4d13-b758-9a9b6d6e35e7", "isDeleted:":"true", "version":"1693355852521"}}
{"logTime": "1009/042015", "correlationVector":"0dzbvC0r+liTBY583YMoz9.68","action":"GetUpdates", "result":"DeleteReceived", "context":{"id":"1d46a224-fa73-43af-9d01-178e6c7d9236", "isDeleted:":"true", "version":"1693355852522"}}
{"logTime": "1009/042015", "correlationVector":"0dzbvC0r+liTBY583YMoz9.69","action":"GetUpdates", "result":"DeleteReceived", "context":{"id":"327ea82c-453f-496d-9df1-2f8f7735cb64", "isDeleted:":"true", "version":"1693355852523"}}
{"logTime": "1009/042015", "correlationVector":"0dzbvC0r+liTBY583YMoz9.70","action":"GetUpdates", "result":"DeleteReceived", "context":{"id":"df5f8a43-dd72-492e-ac84-728ca218fc24", "isDeleted:":"true", "version":"1693355852524"}}
{"logTime": "1009/042015", "correlationVector":"0dzbvC0r+liTBY583YMoz9.71","action":"GetUpdates", "result":"DeleteReceived", "context":{"id":"c8ba278d-1623-4093-ae5a-87371d11345e", "isDeleted:":"true", "version":"1693355852525"}}
{"logTime": "1009/042015", "correlationVector":"0dzbvC0r+liTBY583YMoz9.72","action":"GetUpdates", "result":"DeleteReceived", "context":{"id":"b7158f3a-9479-4743-b4df-6c85d8d95371", "isDeleted:":"true", "version":"1693355852526"}}
{"logTime": "1009/042015", "correlationVector":"0dzbvC0r+liTBY583YMoz9.73","action":"GetUpdates", "result":"DeleteReceived", "context":{"id":"667fc83e-90ce-4389-bae5-993d18977b1d", "isDeleted:":"true", "version":"1693355852527"}}
{"logTime": "1009/042015", "correlationVector":"0dzbvC0r+liTBY583YMoz9.74","action":"GetUpdates", "result":"DeleteReceived", "context":{"id":"55af9079-d4c9-45ed-b115-eedd230eca28", "isDeleted:":"true", "version":"1693355852528"}}
{"logTime": "1009/042015", "correlationVector":"0dzbvC0r+liTBY583YMoz9.75","action":"GetUpdates", "result":"DeleteReceived", "context":{"id":"fb771d7e-61b6-488d-8e21-e2a87aed0eda", "isDeleted:":"true", "version":"1693355852529"}}
{"logTime": "1009/042015", "correlationVector":"0dzbvC0r+liTBY583YMoz9.76","action":"GetUpdates", "result":"DeleteReceived", "context":{"id":"5679d7bd-45bf-4ea7-88b0-fd0beaa1b41b", "isDeleted:":"true", "version":"1693355852530"}}
{"logTime": "1009/042015", "correlationVector":"0dzbvC0r+liTBY583YMoz9.77","action":"GetUpdates", "result":"DeleteReceived", "context":{"id":"8aa0c44a-9cdc-403a-b7a8-1b37db47ab6d", "isDeleted:":"true", "version":"1693355852531"}}
{"logTime": "1009/042015", "correlationVector":"0dzbvC0r+liTBY583YMoz9.78","action":"GetUpdates", "result":"DeleteReceived", "context":{"id":"a2a5ef21-f2d6-4501-872b-dfee1e10e205", "isDeleted:":"true", "version":"1693355852532"}}
{"logTime": "1009/042015", "correlationVector":"0dzbvC0r+liTBY583YMoz9.79","action":"GetUpdates", "result":"DeleteReceived", "context":{"id":"8f371598-0085-4fc1-9fc5-ec863cb33baa", "isDeleted:":"true", "version":"1693355852533"}}
{"logTime": "1009/042015", "correlationVector":"0dzbvC0r+liTBY583YMoz9.80","action":"GetUpdates", "result":"DeleteReceived", "context":{"id":"91404325-1b24-4c6f-875f-008db33a5b3f", "isDeleted:":"true", "version":"1693355852534"}}
{"logTime": "1009/042015", "correlationVector":"0dzbvC0r+liTBY583YMoz9.81","action":"GetUpdates", "result":"DeleteReceived", "context":{"id":"4b957c62-4190-43b6-8e7a-65918572c39a", "isDeleted:":"true", "version":"1693355852535"}}
{"logTime": "1009/042015", "correlationVector":"0dzbvC0r+liTBY583YMoz9.82","action":"GetUpdates", "result":"DeleteReceived", "context":{"id":"3374ac38-9181-4a8d-9167-7d09cc6d1210", "isDeleted:":"true", "version":"1693355853483"}}
{"logTime": "1009/042015", "correlationVector":"0dzbvC0r+liTBY583YMoz9.83","action":"GetUpdates", "result":"DeleteReceived", "context":{"id":"f3639fb3-3c94-40af-8cea-de97a0a4c65b", "isDeleted:":"true", "version":"1693355853484"}}
{"logTime": "1009/042015", "correlationVector":"0dzbvC0r+liTBY583YMoz9.84","action":"GetUpdates", "result":"DeleteReceived", "context":{"id":"f4e0080d-fb1c-44f3-955f-181912ea1eb5", "isDeleted:":"true", "version":"1693355853485"}}
{"logTime": "1009/042015", "correlationVector":"0dzbvC0r+liTBY583YMoz9.85","action":"GetUpdates", "result":"DeleteReceived", "context":{"id":"867de605-7dd5-4680-8bc4-d098122e57bb", "isDeleted:":"true", "version":"1693355853486"}}
{"logTime": "1009/042015", "correlationVector":"0dzbvC0r+liTBY583YMoz9.86","action":"GetUpdates", "result":"DeleteReceived", "context":{"id":"e8d868a3-fc9b-4a38-a5ec-06cda735ada0", "isDeleted:":"true", "version":"1693355853487"}}
{"logTime": "1009/042015", "correlationVector":"0dzbvC0r+liTBY583YMoz9.87","action":"GetUpdates", "result":"DeleteReceived", "context":{"id":"eb2aee6d-04f6-4a62-8325-3a3038a0a4ac", "isDeleted:":"true", "version":"1693355853488"}}
{"logTime": "1009/042015", "correlationVector":"0dzbvC0r+liTBY583YMoz9.88","action":"GetUpdates", "result":"DeleteReceived", "context":{"id":"ef0854e8-db9d-4dca-95ee-f40ac6b20bf3", "isDeleted:":"true", "version":"1693355853489"}}
{"logTime": "1009/042015", "correlationVector":"0dzbvC0r+liTBY583YMoz9.89","action":"GetUpdates", "result":"DeleteReceived", "context":{"id":"0ca51eff-7dcc-449d-bf46-55fae926451c", "isDeleted:":"true", "version":"1693355853490"}}
{"logTime": "1009/042015", "correlationVector":"0dzbvC0r+liTBY583YMoz9.90","action":"GetUpdates Response", "result":"SYNCER_OK", "context":Received 91 update(s). cV=0dzbvC0r+liTBY583YMoz9.0;server=general0100002W;cloudType=Consumer;environment=Prod_NorthCentralUS_000g;migrationStage=NotStarted}
{"logTime": "1009/042015", "correlationVector":"4t43YYJTHM0CYvgsnavp8d","action":"Normal GetUpdate request", "result":"", "context":cV=4t43YYJTHM0CYvgsnavp8d
Nudged types: Sessions, User Consents
Refresh requested types: Bookmarks, Preferences, Passwords, Autofill Profiles, Autofill, Autofill Custom Data, Typed URLs, Extensions, Sessions, Extension settings, History Delete Directives, Device Info, User Consents, Send Tab To Self, Web Apps, Collection, Edge E Drop, Edge Hub App Usage, Edge Wallet, Encryption Keys}
{"logTime": "1009/042015", "correlationVector":"4t43YYJTHM0CYvgsnavp8d.1","action":"SyncServerConnectionManagerRequest", "result":"SYNC_SERVER_OK", "context":{"environment":"Prod_NorthCentralUS_000g", "migrationStage":"NotStarted", "server":"GENERAL01000024"}}
{"logTime": "1009/042015", "correlationVector":"4t43YYJTHM0CYvgsnavp8d.2","action":"GetUpdates", "result":"DeleteReceived", "context":{"id":"dd0c7a15-523a-4e0e-a707-254887e05a22", "isDeleted:":"true", "version":"1696751996159"}}
{"logTime": "1009/042015", "correlationVector":"4t43YYJTHM0CYvgsnavp8d.3","action":"GetUpdates Response", "result":"SYNCER_OK", "context":Received 4 update(s). cV=4t43YYJTHM0CYvgsnavp8d.0;server=GENERAL01000024;cloudType=Consumer;environment=Prod_NorthCentralUS_000g;migrationStage=NotStarted}
{"logTime": "1009/042015", "correlationVector":"nNGI+Zp7GCe745yfMv3tBH","action":"Commit Request", "result":"", "context":Item count: 7
Contributing types: Sessions, User Consents}
{"logTime": "1009/042015", "correlationVector":"nNGI+Zp7GCe745yfMv3tBH.1","action":"SyncServerConnectionManagerRequest", "result":"SYNC_SERVER_OK", "context":{"environment":"Prod_NorthCentralUS_000g", "migrationStage":"NotStarted", "server":"GENERAL01000008"}}
{"logTime": "1009/042015", "correlationVector":"nNGI+Zp7GCe745yfMv3tBH.3","action":"Commit.Sessions", "result":"Success", "context":{"id":"9c9f02ff-061e-47a9-ab67-2e6c5e58a552", "isDeleted":"true", "size":"0", "version":"1696763288002"}}
{"logTime": "1009/042015", "correlationVector":"nNGI+Zp7GCe745yfMv3tBH.4","action":"Commit.Sessions", "result":"Success", "context":{"id":"60d963d3-77d0-49d8-9d23-db99c926ad5a", "isDeleted":"true", "size":"0", "version":"1696751996160"}}
{"logTime": "1009/042015", "correlationVector":"nNGI+Zp7GCe745yfMv3tBH.2","action":"Commit Response", "result":"SYNCER_OK", "context":Result: SYNCER_OK. cV=nNGI+Zp7GCe745yfMv3tBH.0;server=GENERAL01000008;cloudType=Consumer;environment=Prod_NorthCentralUS_000g;migrationStage=NotStarted}
{"logTime": "1009/042015", "correlationVector":"MHOI5/ZWbTDcRgouKpBvNz","action":"Poll GetUpdate request", "result":"", "context":cV=MHOI5/ZWbTDcRgouKpBvNz}
{"logTime": "1009/042015", "correlationVector":"MHOI5/ZWbTDcRgouKpBvNz.1","action":"SyncServerConnectionManagerRequest", "result":"SYNC_SERVER_OK", "context":{"environment":"Prod_NorthCentralUS_000g", "migrationStage":"NotStarted", "server":"GENERAL0100001T"}}
{"logTime": "1009/042015", "correlationVector":"MHOI5/ZWbTDcRgouKpBvNz.2","action":"GetUpdates", "result":"DeleteReceived", "context":{"id":"9c9f02ff-061e-47a9-ab67-2e6c5e58a552", "isDeleted:":"true", "version":"1696825206328"}}
{"logTime": "1009/042015", "correlationVector":"MHOI5/ZWbTDcRgouKpBvNz.3","action":"GetUpdates", "result":"DeleteReceived", "context":{"id":"60d963d3-77d0-49d8-9d23-db99c926ad5a", "isDeleted:":"true", "version":"1696825206333"}}
{"logTime": "1009/042015", "correlationVector":"MHOI5/ZWbTDcRgouKpBvNz.4","action":"GetUpdates Response", "result":"SYNCER_OK", "context":Received 6 update(s). cV=MHOI5/ZWbTDcRgouKpBvNz.0;server=GENERAL0100001T;cloudType=Consumer;environment=Prod_NorthCentralUS_000g;migrationStage=NotStarted}
{"logTime": "1009/042017", "correlationVector":"1ir39ZwE4mMKIYenHnkD8J","action":"Normal GetUpdate request", "result":"", "context":cV=1ir39ZwE4mMKIYenHnkD8J
Nudged types: Sessions
Notified types: Device Info}
{"logTime": "1009/042018", "correlationVector":"1ir39ZwE4mMKIYenHnkD8J.1","action":"SyncServerConnectionManagerRequest", "result":"SYNC_SERVER_OK", "context":{"environment":"Prod_NorthCentralUS_000g", "migrationStage":"NotStarted", "server":"GENERAL01000026"}}
{"logTime": "1009/042018", "correlationVector":"1ir39ZwE4mMKIYenHnkD8J.2","action":"GetUpdates Response", "result":"SYNCER_OK", "context":Received 0 update(s). cV=1ir39ZwE4mMKIYenHnkD8J.0;server=GENERAL01000026;cloudType=Consumer;environment=Prod_NorthCentralUS_000g;migrationStage=NotStarted}
{"logTime": "1009/042018", "correlationVector":"yspoNTEXoEpj0ptz0vbvin","action":"Commit Request", "result":"", "context":Item count: 3
Contributing types: Sessions}
{"logTime": "1009/042018", "correlationVector":"yspoNTEXoEpj0ptz0vbvin.1","action":"SyncServerConnectionManagerRequest", "result":"SYNC_SERVER_OK", "context":{"environment":"Prod_NorthCentralUS_000g", "migrationStage":"NotStarted", "server":"GENERAL0100001X"}}
{"logTime": "1009/042018", "correlationVector":"yspoNTEXoEpj0ptz0vbvin.2","action":"Commit Response", "result":"SYNCER_OK", "context":Result: SYNCER_OK. cV=yspoNTEXoEpj0ptz0vbvin.0;server=GENERAL0100001X;cloudType=Consumer;environment=Prod_NorthCentralUS_000g;migrationStage=NotStarted}
{"logTime": "1009/042201", "correlationVector":"S6mHvqjg419YY4PGW5BfOg","action":"Commit Request", "result":"", "context":Item count: 1
Contributing types: Sessions}
{"logTime": "1009/042203", "correlationVector":"S6mHvqjg419YY4PGW5BfOg.1","action":"SyncServerConnectionManagerRequest", "result":"SYNC_SERVER_OK", "context":{"environment":"Prod_NorthCentralUS_000g", "migrationStage":"NotStarted", "server":"GENERAL0100001U"}}
{"logTime": "1009/042203", "correlationVector":"S6mHvqjg419YY4PGW5BfOg.2","action":"Commit Response", "result":"SYNCER_OK", "context":Result: SYNCER_OK. cV=S6mHvqjg419YY4PGW5BfOg.0;server=GENERAL0100001U;cloudType=Consumer;environment=Prod_NorthCentralUS_000g;migrationStage=NotStarted}
{"logTime": "1009/042233", "correlationVector":"77gmEViNQw/96W/L6Ha/IL","action":"Commit Request", "result":"", "context":Item count: 1
Contributing types: Sessions}
{"logTime": "1009/042233", "correlationVector":"77gmEViNQw/96W/L6Ha/IL.1","action":"SyncServerConnectionManagerRequest", "result":"SYNC_SERVER_OK", "context":{"environment":"Prod_NorthCentralUS_000g", "migrationStage":"NotStarted", "server":"GENERAL01000023"}}
{"logTime": "1009/042233", "correlationVector":"77gmEViNQw/96W/L6Ha/IL.2","action":"Commit Response", "result":"SYNCER_OK", "context":Result: SYNCER_OK. cV=77gmEViNQw/96W/L6Ha/IL.0;server=GENERAL01000023;cloudType=Consumer;environment=Prod_NorthCentralUS_000g;migrationStage=NotStarted}
{"logTime": "1009/042318", "correlationVector":"2iQ54hVF4DUB71JyJOFtbk","action":"Commit Request", "result":"", "context":Item count: 4
Contributing types: Sessions}
{"logTime": "1009/042319", "correlationVector":"2iQ54hVF4DUB71JyJOFtbk.1","action":"SyncServerConnectionManagerRequest", "result":"SYNC_SERVER_OK", "context":{"environment":"Prod_NorthCentralUS_000g", "migrationStage":"NotStarted", "server":"general0100002B"}}
{"logTime": "1009/042319", "correlationVector":"2iQ54hVF4DUB71JyJOFtbk.3","action":"Commit.Sessions", "result":"Success", "context":{"id":"a7c5d1e4-0c39-48d1-b7be-305517eb8bd4", "isDeleted":"true", "size":"0", "version":"1696825218365"}}
{"logTime": "1009/042319", "correlationVector":"2iQ54hVF4DUB71JyJOFtbk.4","action":"Commit.Sessions", "result":"Success", "context":{"id":"010c42a7-fd9c-41a4-89ad-578f39ac1088", "isDeleted":"true", "size":"0", "version":"1696825218367"}}
{"logTime": "1009/042319", "correlationVector":"2iQ54hVF4DUB71JyJOFtbk.2","action":"Commit Response", "result":"SYNCER_OK", "context":Result: SYNCER_OK. cV=2iQ54hVF4DUB71JyJOFtbk.0;server=general0100002B;cloudType=Consumer;environment=Prod_NorthCentralUS_000g;migrationStage=NotStarted}
{"logTime": "1009/042531", "correlationVector":"7LW6uhu1DB2IQG0z4ohUEN.0","action":"FeedSettingFetch_homeCloud", "result":"0", "context":{}}
{"logTime": "1009/042531", "correlationVector":"dYnxS7kdis6MkTznBdE9qM.1","action":"SyncServerConnectionManagerRequest", "result":"SYNC_SERVER_OK", "context":{"environment":"Prod_NorthCentralUS_000g", "migrationStage":"NotStarted", "server":"GENERAL0100001D"}}
{"logTime": "1009/042531", "correlationVector":"dYnxS7kdis6MkTznBdE9qM","action":"Initial GetUpdates", "result":"", "context":Reason: NEW_CLIENT. cV=dYnxS7kdis6MkTznBdE9qM}
{"logTime": "1009/042531", "correlationVector":"dYnxS7kdis6MkTznBdE9qM.2","action":"GetUpdates Response", "result":"SYNCER_OK", "context":Received 1 update(s). cV=dYnxS7kdis6MkTznBdE9qM.0;server=GENERAL0100001D;cloudType=Consumer;environment=Prod_NorthCentralUS_000g;migrationStage=NotStarted}
{"logTime": "1009/042531", "correlationVector":"BEaHbSZEFN7x1kMUa4ArIH","action":"SyncServerConnectionManagerRequest", "result":"SYNC_SERVER_OK", "context":{"environment":"", "migrationStage":"", "server":""}}
{"logTime": "1009/042531", "correlationVector":"NTsTCU/5rLtEfCkH91F0Y1","action":"Initial GetUpdates", "result":"", "context":Reason: NEWLY_SUPPORTED_DATATYPE. cV=NTsTCU/5rLtEfCkH91F0Y1}
{"logTime": "1009/042531", "correlationVector":"NTsTCU/5rLtEfCkH91F0Y1.1","action":"SyncServerConnectionManagerRequest", "result":"SYNC_SERVER_OK", "context":{"environment":"Prod_NorthCentralUS_000g", "migrationStage":"NotStarted", "server":"GENERAL0100001D"}}
{"logTime": "1009/042531", "correlationVector":"NTsTCU/5rLtEfCkH91F0Y1.2","action":"GetUpdates", "result":"DeleteReceived", "context":{"id":"14cf4737-86be-45b7-8725-c485f6d3a2b4", "isDeleted:":"true", "version":"1693355846420"}}
{"logTime": "1009/042531", "correlationVector":"NTsTCU/5rLtEfCkH91F0Y1.3","action":"GetUpdates", "result":"DeleteReceived", "context":{"id":"db9a34e2-7843-4b83-9b61-59564b7577e8", "isDeleted:":"true", "version":"1693355846421"}}
{"logTime": "1009/042531", "correlationVector":"NTsTCU/5rLtEfCkH91F0Y1.4","action":"GetUpdates", "result":"DeleteReceived", "context":{"id":"af5f6382-f0c6-4366-962d-16d2cf6b14d6", "isDeleted:":"true", "version":"1693355846422"}}
{"logTime": "1009/042531", "correlationVector":"NTsTCU/5rLtEfCkH91F0Y1.5","action":"GetUpdates", "result":"DeleteReceived", "context":{"id":"7e6ee803-7f5d-4e0d-a85e-458826e6678d", "isDeleted:":"true", "version":"1693355846423"}}
{"logTime": "1009/042531", "correlationVector":"NTsTCU/5rLtEfCkH91F0Y1.6","action":"GetUpdates", "result":"DeleteReceived", "context":{"id":"ed11c0fa-217a-4e70-b664-a2189381143e", "isDeleted:":"true", "version":"1693355846424"}}
{"logTime": "1009/042531", "correlationVector":"NTsTCU/5rLtEfCkH91F0Y1.7","action":"GetUpdates", "result":"DeleteReceived", "context":{"id":"434d1120-009b-465d-8f3b-3d54f16c9c81", "isDeleted:":"true", "version":"1693355846425"}}
{"logTime": "1009/042531", "correlationVector":"NTsTCU/5rLtEfCkH91F0Y1.8","action":"GetUpdates", "result":"DeleteReceived", "context":{"id":"2903142b-3290-42fd-ba5e-924b7d4aea9d", "isDeleted:":"true", "version":"1693355846426"}}
{"logTime": "1009/042531", "correlationVector":"NTsTCU/5rLtEfCkH91F0Y1.9","action":"GetUpdates", "result":"DeleteReceived", "context":{"id":"a7a3c130-98c7-4a6e-a196-924e929ce4b8", "isDeleted:":"true", "version":"1693355846427"}}
{"logTime": "1009/042531", "correlationVector":"NTsTCU/5rLtEfCkH91F0Y1.10","action":"GetUpdates", "result":"DeleteReceived", "context":{"id":"b80a931d-39c1-47f9-9cfb-8d3f1525df0e", "isDeleted:":"true", "version":"1693355846428"}}
{"logTime": "1009/042531", "correlationVector":"NTsTCU/5rLtEfCkH91F0Y1.11","action":"GetUpdates", "result":"DeleteReceived", "context":{"id":"479e9792-8f86-4a76-b815-512831de35a6", "isDeleted:":"true", "version":"1693355846429"}}
{"logTime": "1009/042531", "correlationVector":"NTsTCU/5rLtEfCkH91F0Y1.12","action":"GetUpdates", "result":"DeleteReceived", "context":{"id":"7bee91d5-2202-4def-91a6-27be7da3a3f4", "isDeleted:":"true", "version":"1693355846430"}}
{"logTime": "1009/042531", "correlationVector":"NTsTCU/5rLtEfCkH91F0Y1.13","action":"GetUpdates", "result":"DeleteReceived", "context":{"id":"72b96d0e-97ce-41fe-aa51-5fd649e20b90", "isDeleted:":"true", "version":"1693355846431"}}
{"logTime": "1009/042531", "correlationVector":"NTsTCU/5rLtEfCkH91F0Y1.14","action":"GetUpdates", "result":"DeleteReceived", "context":{"id":"1ca1e9e0-3151-4ded-8989-015ad66c2406", "isDeleted:":"true", "version":"1693355846432"}}
{"logTime": "1009/042531", "correlationVector":"NTsTCU/5rLtEfCkH91F0Y1.15","action":"GetUpdates", "result":"DeleteReceived", "context":{"id":"1a11ba6b-82cd-4ba0-8b58-2cf3407fde16", "isDeleted:":"true", "version":"1693355846433"}}
{"logTime": "1009/042531", "correlationVector":"NTsTCU/5rLtEfCkH91F0Y1.16","action":"GetUpdates", "result":"DeleteReceived", "context":{"id":"7570d9de-21b5-494d-8797-a597c56b9d4e", "isDeleted:":"true", "version":"1693355846434"}}
{"logTime": "1009/042531", "correlationVector":"NTsTCU/5rLtEfCkH91F0Y1.17","action":"GetUpdates", "result":"DeleteReceived", "context":{"id":"27dfa85a-a894-4326-a067-5c83fcac3b1b", "isDeleted:":"true", "version":"1693355846435"}}
{"logTime": "1009/042531", "correlationVector":"NTsTCU/5rLtEfCkH91F0Y1.18","action":"GetUpdates", "result":"DeleteReceived", "context":{"id":"3d785847-775f-4358-af96-0f691e49c83b", "isDeleted:":"true", "version":"1693355846436"}}
{"logTime": "1009/042531", "correlationVector":"NTsTCU/5rLtEfCkH91F0Y1.19","action":"GetUpdates", "result":"DeleteReceived", "context":{"id":"9f31c0a8-280e-4e2f-9549-ee8fd4816bfc", "isDeleted:":"true", "version":"1693355846437"}}
{"logTime": "1009/042531", "correlationVector":"NTsTCU/5rLtEfCkH91F0Y1.20","action":"GetUpdates", "result":"DeleteReceived", "context":{"id":"3a07ae30-03cf-422f-9ce0-df681557447f", "isDeleted:":"true", "version":"1693355846438"}}
{"logTime": "1009/042531", "correlationVector":"NTsTCU/5rLtEfCkH91F0Y1.21","action":"GetUpdates", "result":"DeleteReceived", "context":{"id":"4acae8ff-89b6-4d19-a449-67fed5b031dc", "isDeleted:":"true", "version":"1693355846439"}}
{"logTime": "1009/042531", "correlationVector":"NTsTCU/5rLtEfCkH91F0Y1.22","action":"GetUpdates", "result":"DeleteReceived", "context":{"id":"79618305-0bf5-4ca8-a4cc-da7c8a842b88", "isDeleted:":"true", "version":"1693355848534"}}
{"logTime": "1009/042531", "correlationVector":"NTsTCU/5rLtEfCkH91F0Y1.23","action":"GetUpdates", "result":"DeleteReceived", "context":{"id":"393c28d8-149b-4c49-8a88-8ad2d706d31a", "isDeleted:":"true", "version":"1693355848535"}}
{"logTime": "1009/042531", "correlationVector":"NTsTCU/5rLtEfCkH91F0Y1.24","action":"GetUpdates", "result":"DeleteReceived", "context":{"id":"db54273b-77ae-43a2-a196-2aa9d66baef2", "isDeleted:":"true", "version":"1693355848536"}}
{"logTime": "1009/042531", "correlationVector":"NTsTCU/5rLtEfCkH91F0Y1.25","action":"GetUpdates", "result":"DeleteReceived", "context":{"id":"f98b9903-a400-4e71-94cd-3b2cad4fff22", "isDeleted:":"true", "version":"1693355848537"}}
{"logTime": "1009/042531", "correlationVector":"NTsTCU/5rLtEfCkH91F0Y1.26","action":"GetUpdates", "result":"DeleteReceived", "context":{"id":"b204a452-c85d-4e39-91c1-396846c7149d", "isDeleted:":"true", "version":"1693355848538"}}
{"logTime": "1009/042531", "correlationVector":"NTsTCU/5rLtEfCkH91F0Y1.27","action":"GetUpdates", "result":"DeleteReceived", "context":{"id":"e59f8af5-ed1b-42c9-b32d-e5caa6921d23", "isDeleted:":"true", "version":"1693355848539"}}
{"logTime": "1009/042531", "correlationVector":"NTsTCU/5rLtEfCkH91F0Y1.28","action":"GetUpdates", "result":"DeleteReceived", "context":{"id":"1e652c50-8c1e-47f7-892b-3ff5365801a6", "isDeleted:":"true", "version":"1693355848540"}}
{"logTime": "1009/042531", "correlationVector":"NTsTCU/5rLtEfCkH91F0Y1.29","action":"GetUpdates", "result":"DeleteReceived", "context":{"id":"2c263dcf-8a4f-4aaa-bf23-16d7de48cb13", "isDeleted:":"true", "version":"1693355848541"}}
{"logTime": "1009/042531", "correlationVector":"NTsTCU/5rLtEfCkH91F0Y1.30","action":"GetUpdates", "result":"DeleteReceived", "context":{"id":"60bf55f0-2659-466f-8327-938309957437", "isDeleted:":"true", "version":"1693355848542"}}
{"logTime": "1009/042531", "correlationVector":"NTsTCU/5rLtEfCkH91F0Y1.31","action":"GetUpdates", "result":"DeleteReceived", "context":{"id":"c2b4cf06-6545-42b0-8041-13eeeac39ef6", "isDeleted:":"true", "version":"1693355848543"}}
{"logTime": "1009/042531", "correlationVector":"NTsTCU/5rLtEfCkH91F0Y1.32","action":"GetUpdates", "result":"DeleteReceived", "context":{"id":"b572320f-4713-4856-8e1e-4f5eb5ee86f3", "isDeleted:":"true", "version":"1693355848544"}}
{"logTime": "1009/042531", "correlationVector":"NTsTCU/5rLtEfCkH91F0Y1.33","action":"GetUpdates", "result":"DeleteReceived", "context":{"id":"689609bd-8a26-4931-9180-a0adf37aeb1a", "isDeleted:":"true", "version":"1693355848545"}}
{"logTime": "1009/042531", "correlationVector":"NTsTCU/5rLtEfCkH91F0Y1.34","action":"GetUpdates", "result":"DeleteReceived", "context":{"id":"0c4c45dc-6b46-4931-8547-e0c90403c372", "isDeleted:":"true", "version":"1693355848546"}}
{"logTime": "1009/042531", "correlationVector":"NTsTCU/5rLtEfCkH91F0Y1.35","action":"GetUpdates", "result":"DeleteReceived", "context":{"id":"85df3ab1-f9d0-43eb-8296-294c8fd1880c", "isDeleted:":"true", "version":"1693355848547"}}
{"logTime": "1009/042531", "correlationVector":"NTsTCU/5rLtEfCkH91F0Y1.36","action":"GetUpdates", "result":"DeleteReceived", "context":{"id":"05d16ca5-bd64-4c53-a034-4a05998e8e1a", "isDeleted:":"true", "version":"1693355848548"}}
{"logTime": "1009/042531", "correlationVector":"NTsTCU/5rLtEfCkH91F0Y1.37","action":"GetUpdates", "result":"DeleteReceived", "context":{"id":"0f79bcec-8d04-44f0-87f4-7c8608e15325", "isDeleted:":"true", "version":"1693355848549"}}
{"logTime": "1009/042531", "correlationVector":"NTsTCU/5rLtEfCkH91F0Y1.38","action":"GetUpdates", "result":"DeleteReceived", "context":{"id":"8fe815f9-14a2-4e64-bf36-3737672be96a", "isDeleted:":"true", "version":"1693355848550"}}
{"logTime": "1009/042531", "correlationVector":"NTsTCU/5rLtEfCkH91F0Y1.39","action":"GetUpdates", "result":"DeleteReceived", "context":{"id":"8dac6703-21ec-40b8-9395-9a93f0357016", "isDeleted:":"true", "version":"1693355848551"}}
{"logTime": "1009/042531", "correlationVector":"NTsTCU/5rLtEfCkH91F0Y1.40","action":"GetUpdates", "result":"DeleteReceived", "context":{"id":"53423a58-c4c0-4eef-b28f-8edaf58f20dd", "isDeleted:":"true", "version":"1693355848552"}}
{"logTime": "1009/042531", "correlationVector":"NTsTCU/5rLtEfCkH91F0Y1.41","action":"GetUpdates", "result":"DeleteReceived", "context":{"id":"4fd572fb-43c9-4979-8df5-26e7095c0a16", "isDeleted:":"true", "version":"1693355848553"}}
{"logTime": "1009/042531", "correlationVector":"NTsTCU/5rLtEfCkH91F0Y1.42","action":"GetUpdates", "result":"DeleteReceived", "context":{"id":"44df0c5a-9061-4725-ba8b-978c6eb0af53", "isDeleted:":"true", "version":"1693355849521"}}
{"logTime": "1009/042531", "correlationVector":"NTsTCU/5rLtEfCkH91F0Y1.43","action":"GetUpdates", "result":"DeleteReceived", "context":{"id":"e2f2a555-9512-4ddf-9684-482f49d8b733", "isDeleted:":"true", "version":"1693355849522"}}
{"logTime": "1009/042531", "correlationVector":"NTsTCU/5rLtEfCkH91F0Y1.44","action":"GetUpdates", "result":"DeleteReceived", "context":{"id":"b9bf7497-92b8-4154-838e-15cf794cab9c", "isDeleted:":"true", "version":"1693355849523"}}
{"logTime": "1009/042531", "correlationVector":"NTsTCU/5rLtEfCkH91F0Y1.45","action":"GetUpdates", "result":"DeleteReceived", "context":{"id":"0783c24f-f5c3-4275-86dd-774b4a1b1692", "isDeleted:":"true", "version":"1693355849524"}}
{"logTime": "1009/042531", "correlationVector":"NTsTCU/5rLtEfCkH91F0Y1.46","action":"GetUpdates", "result":"DeleteReceived", "context":{"id":"7640c92a-1e8b-4ac8-a20e-b57d30768775", "isDeleted:":"true", "version":"1693355849525"}}
{"logTime": "1009/042531", "correlationVector":"NTsTCU/5rLtEfCkH91F0Y1.47","action":"GetUpdates", "result":"DeleteReceived", "context":{"id":"6965e610-4995-4e8e-806d-5c9b024492dd", "isDeleted:":"true", "version":"1693355849526"}}
{"logTime": "1009/042531", "correlationVector":"NTsTCU/5rLtEfCkH91F0Y1.48","action":"GetUpdates", "result":"DeleteReceived", "context":{"id":"93257577-4842-4d4c-8551-032f33848111", "isDeleted:":"true", "version":"1693355849527"}}
{"logTime": "1009/042531", "correlationVector":"NTsTCU/5rLtEfCkH91F0Y1.49","action":"GetUpdates", "result":"DeleteReceived", "context":{"id":"1f3957f7-2147-46a0-a43a-2580daa5bd7f", "isDeleted:":"true", "version":"1693355849528"}}
{"logTime": "1009/042531", "correlationVector":"NTsTCU/5rLtEfCkH91F0Y1.50","action":"GetUpdates", "result":"DeleteReceived", "context":{"id":"5c0e60ec-fe4f-4b95-a09d-8d0ab8215652", "isDeleted:":"true", "version":"1693355849529"}}
{"logTime": "1009/042531", "correlationVector":"NTsTCU/5rLtEfCkH91F0Y1.51","action":"GetUpdates", "result":"DeleteReceived", "context":{"id":"0f639905-9a1a-4406-bb73-a63ccc2f616e", "isDeleted:":"true", "version":"1693355849530"}}
{"logTime": "1009/042531", "correlationVector":"NTsTCU/5rLtEfCkH91F0Y1.52","action":"GetUpdates", "result":"DeleteReceived", "context":{"id":"40ed655d-625e-4b70-92bf-201e856997bb", "isDeleted:":"true", "version":"1693355849531"}}
{"logTime": "1009/042531", "correlationVector":"NTsTCU/5rLtEfCkH91F0Y1.53","action":"GetUpdates", "result":"DeleteReceived", "context":{"id":"091c25e0-c439-4e6e-8622-e76d68ad3d4f", "isDeleted:":"true", "version":"1693355849532"}}
{"logTime": "1009/042531", "correlationVector":"NTsTCU/5rLtEfCkH91F0Y1.54","action":"GetUpdates", "result":"DeleteReceived", "context":{"id":"e39e639b-8bd7-4beb-b8c5-3c5c82802e9d", "isDeleted:":"true", "version":"1693355849533"}}
{"logTime": "1009/042531", "correlationVector":"NTsTCU/5rLtEfCkH91F0Y1.55","action":"GetUpdates", "result":"DeleteReceived", "context":{"id":"f7a7d3d0-447b-449f-9a00-b1ab37d8eaf7", "isDeleted:":"true", "version":"1693355849534"}}
{"logTime": "1009/042531", "correlationVector":"NTsTCU/5rLtEfCkH91F0Y1.56","action":"GetUpdates", "result":"DeleteReceived", "context":{"id":"50eb20ab-fd19-4797-b118-766e05f51133", "isDeleted:":"true", "version":"1693355849535"}}
{"logTime": "1009/042531", "correlationVector":"NTsTCU/5rLtEfCkH91F0Y1.57","action":"GetUpdates", "result":"DeleteReceived", "context":{"id":"0a591707-5bb6-4695-877f-c08896ead461", "isDeleted:":"true", "version":"1693355849536"}}
{"logTime": "1009/042531", "correlationVector":"NTsTCU/5rLtEfCkH91F0Y1.58","action":"GetUpdates", "result":"DeleteReceived", "context":{"id":"9878f153-86c0-4b9d-ba03-8ca66d2ec680", "isDeleted:":"true", "version":"1693355849537"}}
{"logTime": "1009/042531", "correlationVector":"NTsTCU/5rLtEfCkH91F0Y1.59","action":"GetUpdates", "result":"DeleteReceived", "context":{"id":"6ae06781-a4fb-4423-a266-1f3511cc458a", "isDeleted:":"true", "version":"1693355849538"}}
{"logTime": "1009/042531", "correlationVector":"NTsTCU/5rLtEfCkH91F0Y1.60","action":"GetUpdates", "result":"DeleteReceived", "context":{"id":"0987074c-733a-49bb-9e89-3e29665d0956", "isDeleted:":"true", "version":"1693355849539"}}
{"logTime": "1009/042531", "correlationVector":"NTsTCU/5rLtEfCkH91F0Y1.61","action":"GetUpdates", "result":"DeleteReceived", "context":{"id":"f54baa9f-5796-4297-acb1-16847e98055b", "isDeleted:":"true", "version":"1693355849540"}}
{"logTime": "1009/042531", "correlationVector":"NTsTCU/5rLtEfCkH91F0Y1.62","action":"GetUpdates", "result":"DeleteReceived", "context":{"id":"db8a3ffd-bda2-493d-ada5-95522ad358e3", "isDeleted:":"true", "version":"1693355852516"}}
{"logTime": "1009/042531", "correlationVector":"NTsTCU/5rLtEfCkH91F0Y1.63","action":"GetUpdates", "result":"DeleteReceived", "context":{"id":"b74810d0-37df-4dd9-b33f-5e473df1004c", "isDeleted:":"true", "version":"1693355852517"}}
{"logTime": "1009/042531", "correlationVector":"NTsTCU/5rLtEfCkH91F0Y1.64","action":"GetUpdates", "result":"DeleteReceived", "context":{"id":"c2ae7322-7944-458a-bd45-1ada7fbfa0f7", "isDeleted:":"true", "version":"1693355852518"}}
{"logTime": "1009/042531", "correlationVector":"NTsTCU/5rLtEfCkH91F0Y1.65","action":"GetUpdates", "result":"DeleteReceived", "context":{"id":"ae1bcaff-c18b-464c-b44e-97406969a58e", "isDeleted:":"true", "version":"1693355852519"}}
{"logTime": "1009/042531", "correlationVector":"NTsTCU/5rLtEfCkH91F0Y1.66","action":"GetUpdates", "result":"DeleteReceived", "context":{"id":"83efa944-3f0a-46b7-9f9c-aa25f879c2b0", "isDeleted:":"true", "version":"1693355852520"}}
{"logTime": "1009/042531", "correlationVector":"NTsTCU/5rLtEfCkH91F0Y1.67","action":"GetUpdates", "result":"DeleteReceived", "context":{"id":"d6a79510-143c-4d13-b758-9a9b6d6e35e7", "isDeleted:":"true", "version":"1693355852521"}}
{"logTime": "1009/042531", "correlationVector":"NTsTCU/5rLtEfCkH91F0Y1.68","action":"GetUpdates", "result":"DeleteReceived", "context":{"id":"1d46a224-fa73-43af-9d01-178e6c7d9236", "isDeleted:":"true", "version":"1693355852522"}}
{"logTime": "1009/042531", "correlationVector":"NTsTCU/5rLtEfCkH91F0Y1.69","action":"GetUpdates", "result":"DeleteReceived", "context":{"id":"327ea82c-453f-496d-9df1-2f8f7735cb64", "isDeleted:":"true", "version":"1693355852523"}}
{"logTime": "1009/042531", "correlationVector":"NTsTCU/5rLtEfCkH91F0Y1.70","action":"GetUpdates", "result":"DeleteReceived", "context":{"id":"df5f8a43-dd72-492e-ac84-728ca218fc24", "isDeleted:":"true", "version":"1693355852524"}}
{"logTime": "1009/042531", "correlationVector":"NTsTCU/5rLtEfCkH91F0Y1.71","action":"GetUpdates", "result":"DeleteReceived", "context":{"id":"c8ba278d-1623-4093-ae5a-87371d11345e", "isDeleted:":"true", "version":"1693355852525"}}
{"logTime": "1009/042531", "correlationVector":"NTsTCU/5rLtEfCkH91F0Y1.72","action":"GetUpdates", "result":"DeleteReceived", "context":{"id":"b7158f3a-9479-4743-b4df-6c85d8d95371", "isDeleted:":"true", "version":"1693355852526"}}
{"logTime": "1009/042531", "correlationVector":"NTsTCU/5rLtEfCkH91F0Y1.73","action":"GetUpdates", "result":"DeleteReceived", "context":{"id":"667fc83e-90ce-4389-bae5-993d18977b1d", "isDeleted:":"true", "version":"1693355852527"}}
{"logTime": "1009/042531", "correlationVector":"NTsTCU/5rLtEfCkH91F0Y1.74","action":"GetUpdates", "result":"DeleteReceived", "context":{"id":"55af9079-d4c9-45ed-b115-eedd230eca28", "isDeleted:":"true", "version":"1693355852528"}}
{"logTime": "1009/042531", "correlationVector":"NTsTCU/5rLtEfCkH91F0Y1.75","action":"GetUpdates", "result":"DeleteReceived", "context":{"id":"fb771d7e-61b6-488d-8e21-e2a87aed0eda", "isDeleted:":"true", "version":"1693355852529"}}
{"logTime": "1009/042531", "correlationVector":"NTsTCU/5rLtEfCkH91F0Y1.76","action":"GetUpdates", "result":"DeleteReceived", "context":{"id":"5679d7bd-45bf-4ea7-88b0-fd0beaa1b41b", "isDeleted:":"true", "version":"1693355852530"}}
{"logTime": "1009/042531", "correlationVector":"NTsTCU/5rLtEfCkH91F0Y1.77","action":"GetUpdates", "result":"DeleteReceived", "context":{"id":"8aa0c44a-9cdc-403a-b7a8-1b37db47ab6d", "isDeleted:":"true", "version":"1693355852531"}}
{"logTime": "1009/042531", "correlationVector":"NTsTCU/5rLtEfCkH91F0Y1.78","action":"GetUpdates", "result":"DeleteReceived", "context":{"id":"a2a5ef21-f2d6-4501-872b-dfee1e10e205", "isDeleted:":"true", "version":"1693355852532"}}
{"logTime": "1009/042531", "correlationVector":"NTsTCU/5rLtEfCkH91F0Y1.79","action":"GetUpdates", "result":"DeleteReceived", "context":{"id":"8f371598-0085-4fc1-9fc5-ec863cb33baa", "isDeleted:":"true", "version":"1693355852533"}}
{"logTime": "1009/042531", "correlationVector":"NTsTCU/5rLtEfCkH91F0Y1.80","action":"GetUpdates", "result":"DeleteReceived", "context":{"id":"91404325-1b24-4c6f-875f-008db33a5b3f", "isDeleted:":"true", "version":"1693355852534"}}
{"logTime": "1009/042531", "correlationVector":"NTsTCU/5rLtEfCkH91F0Y1.81","action":"GetUpdates", "result":"DeleteReceived", "context":{"id":"4b957c62-4190-43b6-8e7a-65918572c39a", "isDeleted:":"true", "version":"1693355852535"}}
{"logTime": "1009/042531", "correlationVector":"NTsTCU/5rLtEfCkH91F0Y1.82","action":"GetUpdates", "result":"DeleteReceived", "context":{"id":"3374ac38-9181-4a8d-9167-7d09cc6d1210", "isDeleted:":"true", "version":"1693355853483"}}
{"logTime": "1009/042531", "correlationVector":"NTsTCU/5rLtEfCkH91F0Y1.83","action":"GetUpdates", "result":"DeleteReceived", "context":{"id":"f3639fb3-3c94-40af-8cea-de97a0a4c65b", "isDeleted:":"true", "version":"1693355853484"}}
{"logTime": "1009/042531", "correlationVector":"NTsTCU/5rLtEfCkH91F0Y1.84","action":"GetUpdates", "result":"DeleteReceived", "context":{"id":"f4e0080d-fb1c-44f3-955f-181912ea1eb5", "isDeleted:":"true", "version":"1693355853485"}}
{"logTime": "1009/042531", "correlationVector":"NTsTCU/5rLtEfCkH91F0Y1.85","action":"GetUpdates", "result":"DeleteReceived", "context":{"id":"867de605-7dd5-4680-8bc4-d098122e57bb", "isDeleted:":"true", "version":"1693355853486"}}
{"logTime": "1009/042531", "correlationVector":"NTsTCU/5rLtEfCkH91F0Y1.86","action":"GetUpdates", "result":"DeleteReceived", "context":{"id":"e8d868a3-fc9b-4a38-a5ec-06cda735ada0", "isDeleted:":"true", "version":"1693355853487"}}
{"logTime": "1009/042531", "correlationVector":"NTsTCU/5rLtEfCkH91F0Y1.87","action":"GetUpdates", "result":"DeleteReceived", "context":{"id":"eb2aee6d-04f6-4a62-8325-3a3038a0a4ac", "isDeleted:":"true", "version":"1693355853488"}}
{"logTime": "1009/042531", "correlationVector":"NTsTCU/5rLtEfCkH91F0Y1.88","action":"GetUpdates", "result":"DeleteReceived", "context":{"id":"ef0854e8-db9d-4dca-95ee-f40ac6b20bf3", "isDeleted:":"true", "version":"1693355853489"}}
{"logTime": "1009/042531", "correlationVector":"NTsTCU/5rLtEfCkH91F0Y1.89","action":"GetUpdates", "result":"DeleteReceived", "context":{"id":"0ca51eff-7dcc-449d-bf46-55fae926451c", "isDeleted:":"true", "version":"1693355853490"}}
{"logTime": "1009/042531", "correlationVector":"NTsTCU/5rLtEfCkH91F0Y1.90","action":"GetUpdates Response", "result":"SYNCER_OK", "context":Received 91 update(s). cV=NTsTCU/5rLtEfCkH91F0Y1.0;server=GENERAL0100001D;cloudType=Consumer;environment=Prod_NorthCentralUS_000g;migrationStage=NotStarted}
{"logTime": "1009/042531", "correlationVector":"mSRosC/OCKGB72fPnDz8SU","action":"Normal GetUpdate request", "result":"", "context":cV=mSRosC/OCKGB72fPnDz8SU
Nudged types: Sessions, User Consents
Refresh requested types: Bookmarks, Preferences, Passwords, Autofill Profiles, Autofill, Autofill Custom Data, Typed URLs, Extensions, Sessions, Extension settings, History Delete Directives, Device Info, User Consents, Send Tab To Self, Web Apps, Collection, Edge E Drop, Edge Hub App Usage, Edge Wallet, Encryption Keys}
{"logTime": "1009/042531", "correlationVector":"mSRosC/OCKGB72fPnDz8SU.1","action":"SyncServerConnectionManagerRequest", "result":"SYNC_SERVER_OK", "context":{"environment":"Prod_NorthCentralUS_000g", "migrationStage":"NotStarted", "server":"GENERAL0100002A"}}
{"logTime": "1009/042531", "correlationVector":"mSRosC/OCKGB72fPnDz8SU.2","action":"GetUpdates", "result":"DeleteReceived", "context":{"id":"a7c5d1e4-0c39-48d1-b7be-305517eb8bd4", "isDeleted:":"true", "version":"1696825398776"}}
{"logTime": "1009/042531", "correlationVector":"mSRosC/OCKGB72fPnDz8SU.3","action":"GetUpdates", "result":"DeleteReceived", "context":{"id":"010c42a7-fd9c-41a4-89ad-578f39ac1088", "isDeleted:":"true", "version":"1696825398778"}}
{"logTime": "1009/042531", "correlationVector":"mSRosC/OCKGB72fPnDz8SU.4","action":"GetUpdates Response", "result":"SYNCER_OK", "context":Received 4 update(s). cV=mSRosC/OCKGB72fPnDz8SU.0;server=GENERAL0100002A;cloudType=Consumer;environment=Prod_NorthCentralUS_000g;migrationStage=NotStarted}
{"logTime": "1009/042531", "correlationVector":"cE4KAqHKRuei5zFO3U35+Z","action":"Commit Request", "result":"", "context":Item count: 5
Contributing types: Sessions, User Consents}
{"logTime": "1009/042531", "correlationVector":"cE4KAqHKRuei5zFO3U35+Z.1","action":"SyncServerConnectionManagerRequest", "result":"SYNC_SERVER_OK", "context":{"environment":"Prod_NorthCentralUS_000g", "migrationStage":"NotStarted", "server":"GENERAL0100001X"}}
{"logTime": "1009/042531", "correlationVector":"cE4KAqHKRuei5zFO3U35+Z.2","action":"Commit Response", "result":"SYNCER_OK", "context":Result: SYNCER_OK. cV=cE4KAqHKRuei5zFO3U35+Z.0;server=GENERAL0100001X;cloudType=Consumer;environment=Prod_NorthCentralUS_000g;migrationStage=NotStarted}
{"logTime": "1009/042553", "correlationVector":"/i08qP5BQqsYlG+aSdEk9q","action":"Normal GetUpdate request", "result":"", "context":cV=/i08qP5BQqsYlG+aSdEk9q
Nudged types: Sessions}
{"logTime": "1009/042553", "correlationVector":"/i08qP5BQqsYlG+aSdEk9q.1","action":"SyncServerConnectionManagerRequest", "result":"SYNC_SERVER_OK", "context":{"environment":"Prod_NorthCentralUS_000g", "migrationStage":"NotStarted", "server":"GENERAL0100000T"}}
{"logTime": "1009/042553", "correlationVector":"/i08qP5BQqsYlG+aSdEk9q.2","action":"GetUpdates Response", "result":"SYNCER_OK", "context":Received 4 update(s). cV=/i08qP5BQqsYlG+aSdEk9q.0;server=GENERAL0100000T;cloudType=Consumer;environment=Prod_NorthCentralUS_000g;migrationStage=NotStarted}
{"logTime": "1009/042553", "correlationVector":"TFXcM4g7j7JFPUlfUCTteA","action":"Commit Request", "result":"", "context":Item count: 3
Contributing types: Sessions}
{"logTime": "1009/042554", "correlationVector":"TFXcM4g7j7JFPUlfUCTteA.1","action":"SyncServerConnectionManagerRequest", "result":"SYNC_SERVER_OK", "context":{"environment":"Prod_NorthCentralUS_000g", "migrationStage":"NotStarted", "server":"GENERAL0100000V"}}
{"logTime": "1009/042554", "correlationVector":"TFXcM4g7j7JFPUlfUCTteA.3","action":"Commit.Sessions", "result":"Success", "context":{"id":"9e97fb0e-885e-4073-8185-16ca7a801bc0", "isDeleted":"true", "size":"0", "version":"1696825522688"}}
{"logTime": "1009/042554", "correlationVector":"TFXcM4g7j7JFPUlfUCTteA.2","action":"Commit Response", "result":"SYNCER_OK", "context":Result: SYNCER_OK. cV=TFXcM4g7j7JFPUlfUCTteA.0;server=GENERAL0100000V;cloudType=Consumer;environment=Prod_NorthCentralUS_000g;migrationStage=NotStarted}
{"logTime": "1009/043023", "correlationVector":"BcAOLg5OR3cqvnsJqJ+eDQ.0","action":"FeedSettingFetch_homeCloud", "result":"0", "context":{}}
{"logTime": "1009/043023", "correlationVector":"2QBp+D2ywLDQ0N4Gf1EYmX.1","action":"SyncServerConnectionManagerRequest", "result":"SYNC_SERVER_OK", "context":{"environment":"Prod_NorthCentralUS_000g", "migrationStage":"NotStarted", "server":"GENERAL0100000S"}}
{"logTime": "1009/043023", "correlationVector":"2QBp+D2ywLDQ0N4Gf1EYmX","action":"Initial GetUpdates", "result":"", "context":Reason: NEW_CLIENT. cV=2QBp+D2ywLDQ0N4Gf1EYmX}
{"logTime": "1009/043023", "correlationVector":"2QBp+D2ywLDQ0N4Gf1EYmX.2","action":"GetUpdates Response", "result":"SYNCER_OK", "context":Received 1 update(s). cV=2QBp+D2ywLDQ0N4Gf1EYmX.0;server=GENERAL0100000S;cloudType=Consumer;environment=Prod_NorthCentralUS_000g;migrationStage=NotStarted}
{"logTime": "1009/043023", "correlationVector":"9l3+mN5buEC/UFbBs1lJBa","action":"SyncServerConnectionManagerRequest", "result":"SYNC_SERVER_OK", "context":{"environment":"", "migrationStage":"", "server":""}}
{"logTime": "1009/043023", "correlationVector":"YagiSPZSiYGKol8Xe8OUZI","action":"Initial GetUpdates", "result":"", "context":Reason: NEWLY_SUPPORTED_DATATYPE. cV=YagiSPZSiYGKol8Xe8OUZI}
{"logTime": "1009/043023", "correlationVector":"YagiSPZSiYGKol8Xe8OUZI.1","action":"SyncServerConnectionManagerRequest", "result":"SYNC_SERVER_OK", "context":{"environment":"Prod_NorthCentralUS_000g", "migrationStage":"NotStarted", "server":"GENERAL0100002A"}}
{"logTime": "1009/043023", "correlationVector":"YagiSPZSiYGKol8Xe8OUZI.2","action":"GetUpdates", "result":"DeleteReceived", "context":{"id":"14cf4737-86be-45b7-8725-c485f6d3a2b4", "isDeleted:":"true", "version":"1693355846420"}}
{"logTime": "1009/043023", "correlationVector":"YagiSPZSiYGKol8Xe8OUZI.3","action":"GetUpdates", "result":"DeleteReceived", "context":{"id":"db9a34e2-7843-4b83-9b61-59564b7577e8", "isDeleted:":"true", "version":"1693355846421"}}
{"logTime": "1009/043023", "correlationVector":"YagiSPZSiYGKol8Xe8OUZI.4","action":"GetUpdates", "result":"DeleteReceived", "context":{"id":"af5f6382-f0c6-4366-962d-16d2cf6b14d6", "isDeleted:":"true", "version":"1693355846422"}}
{"logTime": "1009/043023", "correlationVector":"YagiSPZSiYGKol8Xe8OUZI.5","action":"GetUpdates", "result":"DeleteReceived", "context":{"id":"7e6ee803-7f5d-4e0d-a85e-458826e6678d", "isDeleted:":"true", "version":"1693355846423"}}
{"logTime": "1009/043023", "correlationVector":"YagiSPZSiYGKol8Xe8OUZI.6","action":"GetUpdates", "result":"DeleteReceived", "context":{"id":"ed11c0fa-217a-4e70-b664-a2189381143e", "isDeleted:":"true", "version":"1693355846424"}}
{"logTime": "1009/043023", "correlationVector":"YagiSPZSiYGKol8Xe8OUZI.7","action":"GetUpdates", "result":"DeleteReceived", "context":{"id":"434d1120-009b-465d-8f3b-3d54f16c9c81", "isDeleted:":"true", "version":"1693355846425"}}
{"logTime": "1009/043023", "correlationVector":"YagiSPZSiYGKol8Xe8OUZI.8","action":"GetUpdates", "result":"DeleteReceived", "context":{"id":"2903142b-3290-42fd-ba5e-924b7d4aea9d", "isDeleted:":"true", "version":"1693355846426"}}
{"logTime": "1009/043023", "correlationVector":"YagiSPZSiYGKol8Xe8OUZI.9","action":"GetUpdates", "result":"DeleteReceived", "context":{"id":"a7a3c130-98c7-4a6e-a196-924e929ce4b8", "isDeleted:":"true", "version":"1693355846427"}}
{"logTime": "1009/043023", "correlationVector":"YagiSPZSiYGKol8Xe8OUZI.10","action":"GetUpdates", "result":"DeleteReceived", "context":{"id":"b80a931d-39c1-47f9-9cfb-8d3f1525df0e", "isDeleted:":"true", "version":"1693355846428"}}
{"logTime": "1009/043023", "correlationVector":"YagiSPZSiYGKol8Xe8OUZI.11","action":"GetUpdates", "result":"DeleteReceived", "context":{"id":"479e9792-8f86-4a76-b815-512831de35a6", "isDeleted:":"true", "version":"1693355846429"}}
{"logTime": "1009/043023", "correlationVector":"YagiSPZSiYGKol8Xe8OUZI.12","action":"GetUpdates", "result":"DeleteReceived", "context":{"id":"7bee91d5-2202-4def-91a6-27be7da3a3f4", "isDeleted:":"true", "version":"1693355846430"}}
{"logTime": "1009/043023", "correlationVector":"YagiSPZSiYGKol8Xe8OUZI.13","action":"GetUpdates", "result":"DeleteReceived", "context":{"id":"72b96d0e-97ce-41fe-aa51-5fd649e20b90", "isDeleted:":"true", "version":"1693355846431"}}
{"logTime": "1009/043023", "correlationVector":"YagiSPZSiYGKol8Xe8OUZI.14","action":"GetUpdates", "result":"DeleteReceived", "context":{"id":"1ca1e9e0-3151-4ded-8989-015ad66c2406", "isDeleted:":"true", "version":"1693355846432"}}
{"logTime": "1009/043023", "correlationVector":"YagiSPZSiYGKol8Xe8OUZI.15","action":"GetUpdates", "result":"DeleteReceived", "context":{"id":"1a11ba6b-82cd-4ba0-8b58-2cf3407fde16", "isDeleted:":"true", "version":"1693355846433"}}
{"logTime": "1009/043023", "correlationVector":"YagiSPZSiYGKol8Xe8OUZI.16","action":"GetUpdates", "result":"DeleteReceived", "context":{"id":"7570d9de-21b5-494d-8797-a597c56b9d4e", "isDeleted:":"true", "version":"1693355846434"}}
{"logTime": "1009/043023", "correlationVector":"YagiSPZSiYGKol8Xe8OUZI.17","action":"GetUpdates", "result":"DeleteReceived", "context":{"id":"27dfa85a-a894-4326-a067-5c83fcac3b1b", "isDeleted:":"true", "version":"1693355846435"}}
{"logTime": "1009/043023", "correlationVector":"YagiSPZSiYGKol8Xe8OUZI.18","action":"GetUpdates", "result":"DeleteReceived", "context":{"id":"3d785847-775f-4358-af96-0f691e49c83b", "isDeleted:":"true", "version":"1693355846436"}}
{"logTime": "1009/043023", "correlationVector":"YagiSPZSiYGKol8Xe8OUZI.19","action":"GetUpdates", "result":"DeleteReceived", "context":{"id":"9f31c0a8-280e-4e2f-9549-ee8fd4816bfc", "isDeleted:":"true", "version":"1693355846437"}}
{"logTime": "1009/043023", "correlationVector":"YagiSPZSiYGKol8Xe8OUZI.20","action":"GetUpdates", "result":"DeleteReceived", "context":{"id":"3a07ae30-03cf-422f-9ce0-df681557447f", "isDeleted:":"true", "version":"1693355846438"}}
{"logTime": "1009/043023", "correlationVector":"YagiSPZSiYGKol8Xe8OUZI.21","action":"GetUpdates", "result":"DeleteReceived", "context":{"id":"4acae8ff-89b6-4d19-a449-67fed5b031dc", "isDeleted:":"true", "version":"1693355846439"}}
{"logTime": "1009/043023", "correlationVector":"YagiSPZSiYGKol8Xe8OUZI.22","action":"GetUpdates", "result":"DeleteReceived", "context":{"id":"79618305-0bf5-4ca8-a4cc-da7c8a842b88", "isDeleted:":"true", "version":"1693355848534"}}
{"logTime": "1009/043023", "correlationVector":"YagiSPZSiYGKol8Xe8OUZI.23","action":"GetUpdates", "result":"DeleteReceived", "context":{"id":"393c28d8-149b-4c49-8a88-8ad2d706d31a", "isDeleted:":"true", "version":"1693355848535"}}
{"logTime": "1009/043023", "correlationVector":"YagiSPZSiYGKol8Xe8OUZI.24","action":"GetUpdates", "result":"DeleteReceived", "context":{"id":"db54273b-77ae-43a2-a196-2aa9d66baef2", "isDeleted:":"true", "version":"1693355848536"}}
{"logTime": "1009/043023", "correlationVector":"YagiSPZSiYGKol8Xe8OUZI.25","action":"GetUpdates", "result":"DeleteReceived", "context":{"id":"f98b9903-a400-4e71-94cd-3b2cad4fff22", "isDeleted:":"true", "version":"1693355848537"}}
{"logTime": "1009/043023", "correlationVector":"YagiSPZSiYGKol8Xe8OUZI.26","action":"GetUpdates", "result":"DeleteReceived", "context":{"id":"b204a452-c85d-4e39-91c1-396846c7149d", "isDeleted:":"true", "version":"1693355848538"}}
{"logTime": "1009/043023", "correlationVector":"YagiSPZSiYGKol8Xe8OUZI.27","action":"GetUpdates", "result":"DeleteReceived", "context":{"id":"e59f8af5-ed1b-42c9-b32d-e5caa6921d23", "isDeleted:":"true", "version":"1693355848539"}}
{"logTime": "1009/043023", "correlationVector":"YagiSPZSiYGKol8Xe8OUZI.28","action":"GetUpdates", "result":"DeleteReceived", "context":{"id":"1e652c50-8c1e-47f7-892b-3ff5365801a6", "isDeleted:":"true", "version":"1693355848540"}}
{"logTime": "1009/043023", "correlationVector":"YagiSPZSiYGKol8Xe8OUZI.29","action":"GetUpdates", "result":"DeleteReceived", "context":{"id":"2c263dcf-8a4f-4aaa-bf23-16d7de48cb13", "isDeleted:":"true", "version":"1693355848541"}}
{"logTime": "1009/043023", "correlationVector":"YagiSPZSiYGKol8Xe8OUZI.30","action":"GetUpdates", "result":"DeleteReceived", "context":{"id":"60bf55f0-2659-466f-8327-938309957437", "isDeleted:":"true", "version":"1693355848542"}}
{"logTime": "1009/043024", "correlationVector":"YagiSPZSiYGKol8Xe8OUZI.31","action":"GetUpdates", "result":"DeleteReceived", "context":{"id":"c2b4cf06-6545-42b0-8041-13eeeac39ef6", "isDeleted:":"true", "version":"1693355848543"}}
{"logTime": "1009/043024", "correlationVector":"YagiSPZSiYGKol8Xe8OUZI.32","action":"GetUpdates", "result":"DeleteReceived", "context":{"id":"b572320f-4713-4856-8e1e-4f5eb5ee86f3", "isDeleted:":"true", "version":"1693355848544"}}
{"logTime": "1009/043024", "correlationVector":"YagiSPZSiYGKol8Xe8OUZI.33","action":"GetUpdates", "result":"DeleteReceived", "context":{"id":"689609bd-8a26-4931-9180-a0adf37aeb1a", "isDeleted:":"true", "version":"1693355848545"}}
{"logTime": "1009/043024", "correlationVector":"YagiSPZSiYGKol8Xe8OUZI.34","action":"GetUpdates", "result":"DeleteReceived", "context":{"id":"0c4c45dc-6b46-4931-8547-e0c90403c372", "isDeleted:":"true", "version":"1693355848546"}}
{"logTime": "1009/043024", "correlationVector":"YagiSPZSiYGKol8Xe8OUZI.35","action":"GetUpdates", "result":"DeleteReceived", "context":{"id":"85df3ab1-f9d0-43eb-8296-294c8fd1880c", "isDeleted:":"true", "version":"1693355848547"}}
{"logTime": "1009/043024", "correlationVector":"YagiSPZSiYGKol8Xe8OUZI.36","action":"GetUpdates", "result":"DeleteReceived", "context":{"id":"05d16ca5-bd64-4c53-a034-4a05998e8e1a", "isDeleted:":"true", "version":"1693355848548"}}
{"logTime": "1009/043024", "correlationVector":"YagiSPZSiYGKol8Xe8OUZI.37","action":"GetUpdates", "result":"DeleteReceived", "context":{"id":"0f79bcec-8d04-44f0-87f4-7c8608e15325", "isDeleted:":"true", "version":"1693355848549"}}
{"logTime": "1009/043024", "correlationVector":"YagiSPZSiYGKol8Xe8OUZI.38","action":"GetUpdates", "result":"DeleteReceived", "context":{"id":"8fe815f9-14a2-4e64-bf36-3737672be96a", "isDeleted:":"true", "version":"1693355848550"}}
{"logTime": "1009/043024", "correlationVector":"YagiSPZSiYGKol8Xe8OUZI.39","action":"GetUpdates", "result":"DeleteReceived", "context":{"id":"8dac6703-21ec-40b8-9395-9a93f0357016", "isDeleted:":"true", "version":"1693355848551"}}
{"logTime": "1009/043024", "correlationVector":"YagiSPZSiYGKol8Xe8OUZI.40","action":"GetUpdates", "result":"DeleteReceived", "context":{"id":"53423a58-c4c0-4eef-b28f-8edaf58f20dd", "isDeleted:":"true", "version":"1693355848552"}}
{"logTime": "1009/043024", "correlationVector":"YagiSPZSiYGKol8Xe8OUZI.41","action":"GetUpdates", "result":"DeleteReceived", "context":{"id":"4fd572fb-43c9-4979-8df5-26e7095c0a16", "isDeleted:":"true", "version":"1693355848553"}}
{"logTime": "1009/043024", "correlationVector":"YagiSPZSiYGKol8Xe8OUZI.42","action":"GetUpdates", "result":"DeleteReceived", "context":{"id":"44df0c5a-9061-4725-ba8b-978c6eb0af53", "isDeleted:":"true", "version":"1693355849521"}}
{"logTime": "1009/043024", "correlationVector":"YagiSPZSiYGKol8Xe8OUZI.43","action":"GetUpdates", "result":"DeleteReceived", "context":{"id":"e2f2a555-9512-4ddf-9684-482f49d8b733", "isDeleted:":"true", "version":"1693355849522"}}
{"logTime": "1009/043024", "correlationVector":"YagiSPZSiYGKol8Xe8OUZI.44","action":"GetUpdates", "result":"DeleteReceived", "context":{"id":"b9bf7497-92b8-4154-838e-15cf794cab9c", "isDeleted:":"true", "version":"1693355849523"}}
{"logTime": "1009/043024", "correlationVector":"YagiSPZSiYGKol8Xe8OUZI.45","action":"GetUpdates", "result":"DeleteReceived", "context":{"id":"0783c24f-f5c3-4275-86dd-774b4a1b1692", "isDeleted:":"true", "version":"1693355849524"}}
{"logTime": "1009/043024", "correlationVector":"YagiSPZSiYGKol8Xe8OUZI.46","action":"GetUpdates", "result":"DeleteReceived", "context":{"id":"7640c92a-1e8b-4ac8-a20e-b57d30768775", "isDeleted:":"true", "version":"1693355849525"}}
{"logTime": "1009/043024", "correlationVector":"YagiSPZSiYGKol8Xe8OUZI.47","action":"GetUpdates", "result":"DeleteReceived", "context":{"id":"6965e610-4995-4e8e-806d-5c9b024492dd", "isDeleted:":"true", "version":"1693355849526"}}
{"logTime": "1009/043024", "correlationVector":"YagiSPZSiYGKol8Xe8OUZI.48","action":"GetUpdates", "result":"DeleteReceived", "context":{"id":"93257577-4842-4d4c-8551-032f33848111", "isDeleted:":"true", "version":"1693355849527"}}
{"logTime": "1009/043024", "correlationVector":"YagiSPZSiYGKol8Xe8OUZI.49","action":"GetUpdates", "result":"DeleteReceived", "context":{"id":"1f3957f7-2147-46a0-a43a-2580daa5bd7f", "isDeleted:":"true", "version":"1693355849528"}}
{"logTime": "1009/043024", "correlationVector":"YagiSPZSiYGKol8Xe8OUZI.50","action":"GetUpdates", "result":"DeleteReceived", "context":{"id":"5c0e60ec-fe4f-4b95-a09d-8d0ab8215652", "isDeleted:":"true", "version":"1693355849529"}}
{"logTime": "1009/043024", "correlationVector":"YagiSPZSiYGKol8Xe8OUZI.51","action":"GetUpdates", "result":"DeleteReceived", "context":{"id":"0f639905-9a1a-4406-bb73-a63ccc2f616e", "isDeleted:":"true", "version":"1693355849530"}}
{"logTime": "1009/043024", "correlationVector":"YagiSPZSiYGKol8Xe8OUZI.52","action":"GetUpdates", "result":"DeleteReceived", "context":{"id":"40ed655d-625e-4b70-92bf-201e856997bb", "isDeleted:":"true", "version":"1693355849531"}}
{"logTime": "1009/043024", "correlationVector":"YagiSPZSiYGKol8Xe8OUZI.53","action":"GetUpdates", "result":"DeleteReceived", "context":{"id":"091c25e0-c439-4e6e-8622-e76d68ad3d4f", "isDeleted:":"true", "version":"1693355849532"}}
{"logTime": "1009/043024", "correlationVector":"YagiSPZSiYGKol8Xe8OUZI.54","action":"GetUpdates", "result":"DeleteReceived", "context":{"id":"e39e639b-8bd7-4beb-b8c5-3c5c82802e9d", "isDeleted:":"true", "version":"1693355849533"}}
{"logTime": "1009/043024", "correlationVector":"YagiSPZSiYGKol8Xe8OUZI.55","action":"GetUpdates", "result":"DeleteReceived", "context":{"id":"f7a7d3d0-447b-449f-9a00-b1ab37d8eaf7", "isDeleted:":"true", "version":"1693355849534"}}
{"logTime": "1009/043024", "correlationVector":"YagiSPZSiYGKol8Xe8OUZI.56","action":"GetUpdates", "result":"DeleteReceived", "context":{"id":"50eb20ab-fd19-4797-b118-766e05f51133", "isDeleted:":"true", "version":"1693355849535"}}
{"logTime": "1009/043024", "correlationVector":"YagiSPZSiYGKol8Xe8OUZI.57","action":"GetUpdates", "result":"DeleteReceived", "context":{"id":"0a591707-5bb6-4695-877f-c08896ead461", "isDeleted:":"true", "version":"1693355849536"}}
{"logTime": "1009/043024", "correlationVector":"YagiSPZSiYGKol8Xe8OUZI.58","action":"GetUpdates", "result":"DeleteReceived", "context":{"id":"9878f153-86c0-4b9d-ba03-8ca66d2ec680", "isDeleted:":"true", "version":"1693355849537"}}
{"logTime": "1009/043024", "correlationVector":"YagiSPZSiYGKol8Xe8OUZI.59","action":"GetUpdates", "result":"DeleteReceived", "context":{"id":"6ae06781-a4fb-4423-a266-1f3511cc458a", "isDeleted:":"true", "version":"1693355849538"}}
{"logTime": "1009/043024", "correlationVector":"YagiSPZSiYGKol8Xe8OUZI.60","action":"GetUpdates", "result":"DeleteReceived", "context":{"id":"0987074c-733a-49bb-9e89-3e29665d0956", "isDeleted:":"true", "version":"1693355849539"}}
{"logTime": "1009/043024", "correlationVector":"YagiSPZSiYGKol8Xe8OUZI.61","action":"GetUpdates", "result":"DeleteReceived", "context":{"id":"f54baa9f-5796-4297-acb1-16847e98055b", "isDeleted:":"true", "version":"1693355849540"}}
{"logTime": "1009/043024", "correlationVector":"YagiSPZSiYGKol8Xe8OUZI.62","action":"GetUpdates", "result":"DeleteReceived", "context":{"id":"db8a3ffd-bda2-493d-ada5-95522ad358e3", "isDeleted:":"true", "version":"1693355852516"}}
{"logTime": "1009/043024", "correlationVector":"YagiSPZSiYGKol8Xe8OUZI.63","action":"GetUpdates", "result":"DeleteReceived", "context":{"id":"b74810d0-37df-4dd9-b33f-5e473df1004c", "isDeleted:":"true", "version":"1693355852517"}}
{"logTime": "1009/043024", "correlationVector":"YagiSPZSiYGKol8Xe8OUZI.64","action":"GetUpdates", "result":"DeleteReceived", "context":{"id":"c2ae7322-7944-458a-bd45-1ada7fbfa0f7", "isDeleted:":"true", "version":"1693355852518"}}
{"logTime": "1009/043024", "correlationVector":"YagiSPZSiYGKol8Xe8OUZI.65","action":"GetUpdates", "result":"DeleteReceived", "context":{"id":"ae1bcaff-c18b-464c-b44e-97406969a58e", "isDeleted:":"true", "version":"1693355852519"}}
{"logTime": "1009/043024", "correlationVector":"YagiSPZSiYGKol8Xe8OUZI.66","action":"GetUpdates", "result":"DeleteReceived", "context":{"id":"83efa944-3f0a-46b7-9f9c-aa25f879c2b0", "isDeleted:":"true", "version":"1693355852520"}}
{"logTime": "1009/043024", "correlationVector":"YagiSPZSiYGKol8Xe8OUZI.67","action":"GetUpdates", "result":"DeleteReceived", "context":{"id":"d6a79510-143c-4d13-b758-9a9b6d6e35e7", "isDeleted:":"true", "version":"1693355852521"}}
{"logTime": "1009/043024", "correlationVector":"YagiSPZSiYGKol8Xe8OUZI.68","action":"GetUpdates", "result":"DeleteReceived", "context":{"id":"1d46a224-fa73-43af-9d01-178e6c7d9236", "isDeleted:":"true", "version":"1693355852522"}}
{"logTime": "1009/043024", "correlationVector":"YagiSPZSiYGKol8Xe8OUZI.69","action":"GetUpdates", "result":"DeleteReceived", "context":{"id":"327ea82c-453f-496d-9df1-2f8f7735cb64", "isDeleted:":"true", "version":"1693355852523"}}
{"logTime": "1009/043024", "correlationVector":"YagiSPZSiYGKol8Xe8OUZI.70","action":"GetUpdates", "result":"DeleteReceived", "context":{"id":"df5f8a43-dd72-492e-ac84-728ca218fc24", "isDeleted:":"true", "version":"1693355852524"}}
{"logTime": "1009/043024", "correlationVector":"YagiSPZSiYGKol8Xe8OUZI.71","action":"GetUpdates", "result":"DeleteReceived", "context":{"id":"c8ba278d-1623-4093-ae5a-87371d11345e", "isDeleted:":"true", "version":"1693355852525"}}
{"logTime": "1009/043024", "correlationVector":"YagiSPZSiYGKol8Xe8OUZI.72","action":"GetUpdates", "result":"DeleteReceived", "context":{"id":"b7158f3a-9479-4743-b4df-6c85d8d95371", "isDeleted:":"true", "version":"1693355852526"}}
{"logTime": "1009/043024", "correlationVector":"YagiSPZSiYGKol8Xe8OUZI.73","action":"GetUpdates", "result":"DeleteReceived", "context":{"id":"667fc83e-90ce-4389-bae5-993d18977b1d", "isDeleted:":"true", "version":"1693355852527"}}
{"logTime": "1009/043024", "correlationVector":"YagiSPZSiYGKol8Xe8OUZI.74","action":"GetUpdates", "result":"DeleteReceived", "context":{"id":"55af9079-d4c9-45ed-b115-eedd230eca28", "isDeleted:":"true", "version":"1693355852528"}}
{"logTime": "1009/043024", "correlationVector":"YagiSPZSiYGKol8Xe8OUZI.75","action":"GetUpdates", "result":"DeleteReceived", "context":{"id":"fb771d7e-61b6-488d-8e21-e2a87aed0eda", "isDeleted:":"true", "version":"1693355852529"}}
{"logTime": "1009/043024", "correlationVector":"YagiSPZSiYGKol8Xe8OUZI.76","action":"GetUpdates", "result":"DeleteReceived", "context":{"id":"5679d7bd-45bf-4ea7-88b0-fd0beaa1b41b", "isDeleted:":"true", "version":"1693355852530"}}
{"logTime": "1009/043024", "correlationVector":"YagiSPZSiYGKol8Xe8OUZI.77","action":"GetUpdates", "result":"DeleteReceived", "context":{"id":"8aa0c44a-9cdc-403a-b7a8-1b37db47ab6d", "isDeleted:":"true", "version":"1693355852531"}}
{"logTime": "1009/043024", "correlationVector":"YagiSPZSiYGKol8Xe8OUZI.78","action":"GetUpdates", "result":"DeleteReceived", "context":{"id":"a2a5ef21-f2d6-4501-872b-dfee1e10e205", "isDeleted:":"true", "version":"1693355852532"}}
{"logTime": "1009/043024", "correlationVector":"YagiSPZSiYGKol8Xe8OUZI.79","action":"GetUpdates", "result":"DeleteReceived", "context":{"id":"8f371598-0085-4fc1-9fc5-ec863cb33baa", "isDeleted:":"true", "version":"1693355852533"}}
{"logTime": "1009/043024", "correlationVector":"YagiSPZSiYGKol8Xe8OUZI.80","action":"GetUpdates", "result":"DeleteReceived", "context":{"id":"91404325-1b24-4c6f-875f-008db33a5b3f", "isDeleted:":"true", "version":"1693355852534"}}
{"logTime": "1009/043024", "correlationVector":"YagiSPZSiYGKol8Xe8OUZI.81","action":"GetUpdates", "result":"DeleteReceived", "context":{"id":"4b957c62-4190-43b6-8e7a-65918572c39a", "isDeleted:":"true", "version":"1693355852535"}}
{"logTime": "1009/043024", "correlationVector":"YagiSPZSiYGKol8Xe8OUZI.82","action":"GetUpdates", "result":"DeleteReceived", "context":{"id":"3374ac38-9181-4a8d-9167-7d09cc6d1210", "isDeleted:":"true", "version":"1693355853483"}}
{"logTime": "1009/043024", "correlationVector":"YagiSPZSiYGKol8Xe8OUZI.83","action":"GetUpdates", "result":"DeleteReceived", "context":{"id":"f3639fb3-3c94-40af-8cea-de97a0a4c65b", "isDeleted:":"true", "version":"1693355853484"}}
{"logTime": "1009/043024", "correlationVector":"YagiSPZSiYGKol8Xe8OUZI.84","action":"GetUpdates", "result":"DeleteReceived", "context":{"id":"f4e0080d-fb1c-44f3-955f-181912ea1eb5", "isDeleted:":"true", "version":"1693355853485"}}
{"logTime": "1009/043024", "correlationVector":"YagiSPZSiYGKol8Xe8OUZI.85","action":"GetUpdates", "result":"DeleteReceived", "context":{"id":"867de605-7dd5-4680-8bc4-d098122e57bb", "isDeleted:":"true", "version":"1693355853486"}}
{"logTime": "1009/043024", "correlationVector":"YagiSPZSiYGKol8Xe8OUZI.86","action":"GetUpdates", "result":"DeleteReceived", "context":{"id":"e8d868a3-fc9b-4a38-a5ec-06cda735ada0", "isDeleted:":"true", "version":"1693355853487"}}
{"logTime": "1009/043024", "correlationVector":"YagiSPZSiYGKol8Xe8OUZI.87","action":"GetUpdates", "result":"DeleteReceived", "context":{"id":"eb2aee6d-04f6-4a62-8325-3a3038a0a4ac", "isDeleted:":"true", "version":"1693355853488"}}
{"logTime": "1009/043024", "correlationVector":"YagiSPZSiYGKol8Xe8OUZI.88","action":"GetUpdates", "result":"DeleteReceived", "context":{"id":"ef0854e8-db9d-4dca-95ee-f40ac6b20bf3", "isDeleted:":"true", "version":"1693355853489"}}
{"logTime": "1009/043024", "correlationVector":"YagiSPZSiYGKol8Xe8OUZI.89","action":"GetUpdates", "result":"DeleteReceived", "context":{"id":"0ca51eff-7dcc-449d-bf46-55fae926451c", "isDeleted:":"true", "version":"1693355853490"}}
{"logTime": "1009/043024", "correlationVector":"YagiSPZSiYGKol8Xe8OUZI.90","action":"GetUpdates Response", "result":"SYNCER_OK", "context":Received 91 update(s). cV=YagiSPZSiYGKol8Xe8OUZI.0;server=GENERAL0100002A;cloudType=Consumer;environment=Prod_NorthCentralUS_000g;migrationStage=NotStarted}
{"logTime": "1009/043024", "correlationVector":"ZUcQUn4Ry9IJw5FibZ6h0x","action":"Normal GetUpdate request", "result":"", "context":cV=ZUcQUn4Ry9IJw5FibZ6h0x
Nudged types: Sessions, User Consents
Refresh requested types: Bookmarks, Preferences, Passwords, Autofill Profiles, Autofill, Autofill Custom Data, Typed URLs, Extensions, Sessions, Extension settings, History Delete Directives, Device Info, User Consents, Send Tab To Self, Web Apps, Collection, Edge E Drop, Edge Hub App Usage, Edge Wallet, Encryption Keys}
{"logTime": "1009/043024", "correlationVector":"ZUcQUn4Ry9IJw5FibZ6h0x.1","action":"SyncServerConnectionManagerRequest", "result":"SYNC_SERVER_OK", "context":{"environment":"Prod_NorthCentralUS_000g", "migrationStage":"NotStarted", "server":"GENERAL0100002J"}}
{"logTime": "1009/043024", "correlationVector":"ZUcQUn4Ry9IJw5FibZ6h0x.2","action":"GetUpdates", "result":"DeleteReceived", "context":{"id":"9e97fb0e-885e-4073-8185-16ca7a801bc0", "isDeleted:":"true", "version":"1696825553377"}}
{"logTime": "1009/043024", "correlationVector":"ZUcQUn4Ry9IJw5FibZ6h0x.3","action":"GetUpdates Response", "result":"SYNCER_OK", "context":Received 3 update(s). cV=ZUcQUn4Ry9IJw5FibZ6h0x.0;server=GENERAL0100002J;cloudType=Consumer;environment=Prod_NorthCentralUS_000g;migrationStage=NotStarted}
{"logTime": "1009/043024", "correlationVector":"jHySuPH9k6oU8x5xJtxmke","action":"Commit Request", "result":"", "context":Item count: 7
Contributing types: Sessions, User Consents}
{"logTime": "1009/043024", "correlationVector":"jHySuPH9k6oU8x5xJtxmke.1","action":"SyncServerConnectionManagerRequest", "result":"SYNC_SERVER_OK", "context":{"environment":"Prod_NorthCentralUS_000g", "migrationStage":"NotStarted", "server":"GENERAL01000003"}}
{"logTime": "1009/043024", "correlationVector":"jHySuPH9k6oU8x5xJtxmke.3","action":"Commit.Sessions", "result":"Success", "context":{"id":"40f4fe38-c73a-4cfb-8a38-438c8a4a0783", "isDeleted":"true", "size":"0", "version":"1696825553378"}}
{"logTime": "1009/043024", "correlationVector":"jHySuPH9k6oU8x5xJtxmke.2","action":"Commit Response", "result":"SYNCER_OK", "context":Result: SYNCER_OK. cV=jHySuPH9k6oU8x5xJtxmke.0;server=GENERAL01000003;cloudType=Consumer;environment=Prod_NorthCentralUS_000g;migrationStage=NotStarted}
{"logTime": "1009/043046", "correlationVector":"k3LvVAPAcADbSkwG1DxAu8","action":"Normal GetUpdate request", "result":"", "context":cV=k3LvVAPAcADbSkwG1DxAu8
Nudged types: Sessions}
{"logTime": "1009/043046", "correlationVector":"k3LvVAPAcADbSkwG1DxAu8.1","action":"SyncServerConnectionManagerRequest", "result":"SYNC_SERVER_OK", "context":{"environment":"Prod_NorthCentralUS_000g", "migrationStage":"NotStarted", "server":"GENERAL01000026"}}
{"logTime": "1009/043046", "correlationVector":"k3LvVAPAcADbSkwG1DxAu8.2","action":"GetUpdates", "result":"DeleteReceived", "context":{"id":"40f4fe38-c73a-4cfb-8a38-438c8a4a0783", "isDeleted:":"true", "version":"1696825816129"}}
{"logTime": "1009/043046", "correlationVector":"k3LvVAPAcADbSkwG1DxAu8.3","action":"GetUpdates Response", "result":"SYNCER_OK", "context":Received 6 update(s). cV=k3LvVAPAcADbSkwG1DxAu8.0;server=GENERAL01000026;cloudType=Consumer;environment=Prod_NorthCentralUS_000g;migrationStage=NotStarted}
{"logTime": "1009/043046", "correlationVector":"bymK6eUX7zjkmX+G1HiB3F","action":"Commit Request", "result":"", "context":Item count: 4
Contributing types: Sessions}
{"logTime": "1009/043047", "correlationVector":"bymK6eUX7zjkmX+G1HiB3F.1","action":"SyncServerConnectionManagerRequest", "result":"SYNC_SERVER_OK", "context":{"environment":"Prod_NorthCentralUS_000g", "migrationStage":"NotStarted", "server":"GENERAL01000026"}}
{"logTime": "1009/043047", "correlationVector":"bymK6eUX7zjkmX+G1HiB3F.3","action":"Commit.Sessions", "result":"Success", "context":{"id":"c52d0ad3-3a4c-472b-8b0a-36297ddc8264", "isDeleted":"true", "size":"0", "version":"1696825816124"}}
{"logTime": "1009/043047", "correlationVector":"bymK6eUX7zjkmX+G1HiB3F.2","action":"Commit Response", "result":"SYNCER_OK", "context":Result: SYNCER_OK. cV=bymK6eUX7zjkmX+G1HiB3F.0;server=GENERAL01000026;cloudType=Consumer;environment=Prod_NorthCentralUS_000g;migrationStage=NotStarted}
